Added Component: Designator=0.1uf50v(0805C)
Added Component: Designator=0.1uf50v(0805C)
Added Component: Designator=0.1uf50v(0805C)
Added Component: Designator=0.1uf50v(0805C)
Added Component: Designator=0.1uf50v(0805C)
Added Component: Designator=1uf10v(0805C)
Added Component: Designator=4.7uf16v(0805C)
Added Component: Designator=C1(2512C)
Added Component: Designator=D1(DO214AC_SMA)
Added Component: Designator=D2(DO214AC_SMA)
Added Component: Designator=D3(DO214AC_SMA)
Added Component: Designator=H1(HDR1X8)
Added Component: Designator=H2(HDR1X8)
Added Component: Designator=H3(HDR1X8)
Added Component: Designator=H4(HDR1X8)
Added Component: Designator=L1(CDRH73)
Added Component: Designator=LED1(LED-1206)
Added Component: Designator=LED2(LED-1206)
Added Component: Designator=LED3(LED-1206)
Added Component: Designator=LED4(LED-1206)
Added Component: Designator=P1(SH1.0-10P)
Added Component: Designator=R2(0805R)
Added Component: Designator=R3(0805R)
Added Component: Designator=R3(0805R)
Added Component: Designator=R4(0805R)
Added Component: Designator=R5(0805R)
Added Component: Designator=R6(0805R)
Added Component: Designator=R7(0805R)
Added Component: Designator=R8(0805R)
Added Component: Designator=R9(0805R)
Added Component: Designator=R10(0805R)
Added Component: Designator=R11(0805R)
Added Component: Designator=R11(ANO-1K-ÅÅ×è)
Added Component: Designator=R12(0805R)
Added Component: Designator=R12(ANO-1K-ÅÅ×è)
Added Component: Designator=R13(ANO-1K-ÅÅ×è)
Added Component: Designator=R14(ANO-1K-ÅÅ×è)
Added Component: Designator=R15(ANO-1K-ÅÅ×è)
Added Component: Designator=R16(ANO-1K-ÅÅ×è)
Added Component: Designator=R17(ANO-1K-ÅÅ×è)
Added Component: Designator=(TC10UF)
Added Component: Designator=(47UF16V)
Added Component: Designator=(47UF16V)
Added Component: Designator=(TC100UF)
Added Component: Designator=U1(TPS5430)
Added Component: Designator=U2(ANO-USB)
Added Component: Designator=U3(SH1.0-4P)
Added Component: Designator=U4(SH1.0-4P)
Added Component: Designator=U5(SH1.0-4P)
Added Component: Designator=U6(SH1.0-4P)
Added Component: Designator=U7(SH1.0-4P)
Added Component: Designator=U8(SH1.0-4P)
Added Component: Designator=U9(SH1.0-3P)
Added Component: Designator=U10(SH1.0-4P)
Added Component: Designator=U11(MIC5219)
Added Component: Designator=U?(STM32F407VGT6!)
Added Component: Designator=W1(W25Q32)
Added Component: Designator=X?(ÌùÆ¬¾§Õñ)
Added Pin To Net: NetName=Net_1 Pin=-1
Added Pin To Net: NetName=Net_1 Pin=-1
Added Pin To Net: NetName=VCC_3.3V Pin=-1
Added Pin To Net: NetName=VCC_IN Pin=-1
Added Pin To Net: NetName=GND Pin=-2
Added Pin To Net: NetName=GND Pin=-2
Added Pin To Net: NetName=GND Pin=-2
Added Pin To Net: NetName=GND Pin=-2
Added Pin To Net: NetName=GND Pin=0.1uf50v-1
Added Pin To Net: NetName=GND Pin=0.1uf50v-1
Added Pin To Net: NetName=GND Pin=0.1uf50v-1
Added Pin To Net: NetName=GND Pin=0.1uf50v-1
Added Pin To Net: NetName=GND Pin=0.1uf50v-2
Added Pin To Net: NetName=Net0.1uf50v_2 Pin=0.1uf50v-2
Added Pin To Net: NetName=VCC_5.0V Pin=0.1uf50v-2
Added Pin To Net: NetName=GND Pin=1uf10v-1
Added Pin To Net: NetName=VCC_3.3V Pin=1uf10v-2
Added Pin To Net: NetName=GND Pin=4.7uf16v-1
Added Pin To Net: NetName=VCC_5.0V Pin=4.7uf16v-2
Added Pin To Net: NetName=NetC1_1 Pin=C1-1
Added Pin To Net: NetName=NetC1_2 Pin=C1-2
Added Pin To Net: NetName=Net_1 Pin=D1-1
Added Pin To Net: NetName=VCC_5.0V Pin=D1-2
Added Pin To Net: NetName=VCC_2S~6S Pin=D2-1
Added Pin To Net: NetName=VCC_IN Pin=D2-2
Added Pin To Net: NetName=GND Pin=D3-1
Added Pin To Net: NetName=NetC1_1 Pin=D3-2
Added Pin To Net: NetName=GND Pin=H3-1
Added Pin To Net: NetName=GND Pin=H3-2
Added Pin To Net: NetName=GND Pin=H3-3
Added Pin To Net: NetName=GND Pin=H3-4
Added Pin To Net: NetName=GND Pin=H3-5
Added Pin To Net: NetName=GND Pin=H3-6
Added Pin To Net: NetName=GND Pin=H3-7
Added Pin To Net: NetName=GND Pin=H3-8
Added Pin To Net: NetName=GND Pin=H4-7
Added Pin To Net: NetName=VCC_5.0V Pin=H4-8
Added Pin To Net: NetName=NetC1_1 Pin=L1-1
Added Pin To Net: NetName=Net_1 Pin=L1-2
Added Pin To Net: NetName=NetLED1_1 Pin=LED1-1
Added Pin To Net: NetName=GND Pin=LED1-2
Added Pin To Net: NetName=VCC_5.0V Pin=LED2-1
Added Pin To Net: NetName=NetLED2_2 Pin=LED2-2
Added Pin To Net: NetName=VCC_5.0V Pin=LED3-1
Added Pin To Net: NetName=NetLED3_2 Pin=LED3-2
Added Pin To Net: NetName=VCC_5.0V Pin=LED4-1
Added Pin To Net: NetName=NetLED4_2 Pin=LED4-2
Added Pin To Net: NetName=GND Pin=P1-1
Added Pin To Net: NetName=VCC_5.0V Pin=P1-2
Added Pin To Net: NetName=PPM_IN Pin=P1-3
Added Pin To Net: NetName=PWMIN_2 Pin=P1-4
Added Pin To Net: NetName=PWMIN_3 Pin=P1-5
Added Pin To Net: NetName=PWMIN_4 Pin=P1-6
Added Pin To Net: NetName=PWMIN_5 Pin=P1-7
Added Pin To Net: NetName=PWMIN_6 Pin=P1-8
Added Pin To Net: NetName=PWMIN_7 Pin=P1-9
Added Pin To Net: NetName=PWMIN_8 Pin=P1-10
Added Pin To Net: NetName=Net_1 Pin=R2-1
Added Pin To Net: NetName=NetR2_2 Pin=R2-2
Added Pin To Net: NetName=NetR2_2 Pin=R3-1
Added Pin To Net: NetName=VCC_2S~6S Pin=R3-1
Added Pin To Net: NetName=GND Pin=R3-2
Added Pin To Net: NetName=NetR3_2 Pin=R3-2
Added Pin To Net: NetName=NetR3_2 Pin=R4-1
Added Pin To Net: NetName=GND Pin=R4-2
Added Pin To Net: NetName=NetR3_2 Pin=R5-1
Added Pin To Net: NetName=POWER_INPUT Pin=R5-2
Added Pin To Net: NetName=VCC_3.3V Pin=R6-1
Added Pin To Net: NetName=NetLED1_1 Pin=R6-2
Added Pin To Net: NetName=NetLED2_2 Pin=R7-1
Added Pin To Net: NetName=LED_1 Pin=R7-2
Added Pin To Net: NetName=NetLED3_2 Pin=R8-1
Added Pin To Net: NetName=LED_2 Pin=R8-2
Added Pin To Net: NetName=NetLED4_2 Pin=R9-1
Added Pin To Net: NetName=LED_3 Pin=R9-2
Added Pin To Net: NetName=VCC_3.3V Pin=R10-2
Added Pin To Net: NetName=GND Pin=R11-2
Added Pin To Net: NetName=USART1_RX_I Pin=R11-7
Added Pin To Net: NetName=USART1_TX_I Pin=R11-8
Added Pin To Net: NetName=GND Pin=R12-1
Added Pin To Net: NetName=USART3_RX_I Pin=R12-7
Added Pin To Net: NetName=USART3_TX_I Pin=R12-8
Added Pin To Net: NetName=SWDIO Pin=R15-3
Added Pin To Net: NetName=SWCLK Pin=R15-4
Added Pin To Net: NetName=PWMIN_4 Pin=R16-5
Added Pin To Net: NetName=PWMIN_3 Pin=R16-6
Added Pin To Net: NetName=PWMIN_2 Pin=R16-7
Added Pin To Net: NetName=PPM_IN Pin=R16-8
Added Pin To Net: NetName=PWMIN_8 Pin=R17-5
Added Pin To Net: NetName=PWMIN_7 Pin=R17-6
Added Pin To Net: NetName=PWMIN_6 Pin=R17-7
Added Pin To Net: NetName=PWMIN_5 Pin=R17-8
Added Pin To Net: NetName=NetC1_2 Pin=U1-1
Added Pin To Net: NetName=NetR2_2 Pin=U1-4
Added Pin To Net: NetName=VCC_IN Pin=U1-7
Added Pin To Net: NetName=NetC1_1 Pin=U1-8
Added Pin To Net: NetName=VCC_5.0V Pin=U2-1
Added Pin To Net: NetName=GND Pin=U2-5
Added Pin To Net: NetName=GND Pin=U2-5
Added Pin To Net: NetName=GND Pin=U2-5
Added Pin To Net: NetName=GND Pin=U2-5
Added Pin To Net: NetName=GND Pin=U2-5
Added Pin To Net: NetName=VCC_5.0V Pin=U3-1
Added Pin To Net: NetName=GND Pin=U3-2
Added Pin To Net: NetName=USART1_TX_I Pin=U3-3
Added Pin To Net: NetName=USART1_RX_I Pin=U3-4
Added Pin To Net: NetName=VCC_5.0V Pin=U4-1
Added Pin To Net: NetName=GND Pin=U4-2
Added Pin To Net: NetName=VCC_5.0V Pin=U5-1
Added Pin To Net: NetName=GND Pin=U5-2
Added Pin To Net: NetName=USART3_TX_I Pin=U5-3
Added Pin To Net: NetName=USART3_RX_I Pin=U5-4
Added Pin To Net: NetName=VCC_5.0V Pin=U6-1
Added Pin To Net: NetName=GND Pin=U6-2
Added Pin To Net: NetName=VCC_5.0V Pin=U7-1
Added Pin To Net: NetName=GND Pin=U7-2
Added Pin To Net: NetName=VCC_2S~6S Pin=U8-1
Added Pin To Net: NetName=VCC_2S~6S Pin=U8-2
Added Pin To Net: NetName=GND Pin=U8-3
Added Pin To Net: NetName=GND Pin=U8-4
Added Pin To Net: NetName=VCC_5.0V Pin=U9-1
Added Pin To Net: NetName=GND Pin=U9-2
Added Pin To Net: NetName=PPM_IN Pin=U9-3
Added Pin To Net: NetName=VCC_3.3V Pin=U10-1
Added Pin To Net: NetName=SWCLK Pin=U10-2
Added Pin To Net: NetName=GND Pin=U10-3
Added Pin To Net: NetName=SWDIO Pin=U10-4
Added Pin To Net: NetName=VCC_5.0V Pin=U11-1
Added Pin To Net: NetName=GND Pin=U11-2
Added Pin To Net: NetName=VCC_5.0V Pin=U11-3
Added Pin To Net: NetName=Net0.1uf50v_2 Pin=U11-4
Added Pin To Net: NetName=VCC_3.3V Pin=U11-5
Added Pin To Net: NetName=LED_3 Pin=U?-1
Added Pin To Net: NetName=VCC_3.3V Pin=U?-6
Added Pin To Net: NetName=GND Pin=U?-10
Added Pin To Net: NetName=VCC_3.3V Pin=U?-11
Added Pin To Net: NetName=VCC_3.3V Pin=U?-19
Added Pin To Net: NetName=GND Pin=U?-20
Added Pin To Net: NetName=VCC_3.3V Pin=U?-21
Added Pin To Net: NetName=VCC_3.3V Pin=U?-22
Added Pin To Net: NetName=GND Pin=U?-27
Added Pin To Net: NetName=VCC_3.3V Pin=U?-28
Added Pin To Net: NetName=POWER_INPUT Pin=U?-34
Added Pin To Net: NetName=VCC_3.3V Pin=U?-50
Added Pin To Net: NetName=SWDIO Pin=U?-72
Added Pin To Net: NetName=GND Pin=U?-74
Added Pin To Net: NetName=VCC_3.3V Pin=U?-75
Added Pin To Net: NetName=SWCLK Pin=U?-76
Added Pin To Net: NetName=LED_1 Pin=U?-97
Added Pin To Net: NetName=LED_2 Pin=U?-98
Added Pin To Net: NetName=GND Pin=U?-99
Added Pin To Net: NetName=VCC_3.3V Pin=U?-100
Added Pin To Net: NetName=VCC_3.3V Pin=W1-3
Added Pin To Net: NetName=GND Pin=W1-4
Added Pin To Net: NetName=VCC_3.3V Pin=W1-7
Added Pin To Net: NetName=VCC_3.3V Pin=W1-8
Added Pin To Net: NetName=BOOT1 Pin=R11-1
Added Pin To Net: NetName=BOOT1 Pin=U?-37
Added Net: Name=BOOT1
Added Pin To Net: NetName=Net0.1uf50v_1 Pin=0.1uf50v-1
Added Pin To Net: NetName=Net0.1uf50v_1 Pin=U?-14
Added Net: Name=Net0.1uf50v_1
Added Pin To Net: NetName=NetR12_2 Pin=R12-2
Added Pin To Net: NetName=NetR12_2 Pin=U?-94
Added Net: Name=NetR12_2
Added Pin To Net: NetName=OTG_FS_DM Pin=U2-2
Added Pin To Net: NetName=OTG_FS_DM Pin=U?-70
Added Net: Name=OTG_FS_DM
Added Pin To Net: NetName=OTG_FS_DP Pin=U2-3
Added Pin To Net: NetName=OTG_FS_DP Pin=U?-71
Added Net: Name=OTG_FS_DP
Added Pin To Net: NetName=PWMOUT_1 Pin=H1-1
Added Pin To Net: NetName=PWMOUT_1 Pin=R13-5
Added Net: Name=PWMOUT_1
Added Pin To Net: NetName=PWMOUT_2 Pin=H1-2
Added Pin To Net: NetName=PWMOUT_2 Pin=R13-6
Added Net: Name=PWMOUT_2
Added Pin To Net: NetName=PWMOUT_3 Pin=H1-3
Added Pin To Net: NetName=PWMOUT_3 Pin=R13-7
Added Net: Name=PWMOUT_3
Added Pin To Net: NetName=PWMOUT_4 Pin=H1-4
Added Pin To Net: NetName=PWMOUT_4 Pin=R13-8
Added Net: Name=PWMOUT_4
Added Pin To Net: NetName=PWMOUT_5 Pin=H1-5
Added Pin To Net: NetName=PWMOUT_5 Pin=R14-7
Added Net: Name=PWMOUT_5
Added Pin To Net: NetName=PWMOUT_6 Pin=H1-6
Added Pin To Net: NetName=PWMOUT_6 Pin=R14-8
Added Net: Name=PWMOUT_6
Added Pin To Net: NetName=PWMOUT_7 Pin=H1-7
Added Pin To Net: NetName=PWMOUT_7 Pin=R12-5
Added Net: Name=PWMOUT_7
Added Pin To Net: NetName=PWMOUT_8 Pin=H1-8
Added Pin To Net: NetName=PWMOUT_8 Pin=R12-6
Added Net: Name=PWMOUT_8
Added Pin To Net: NetName=SPI1_CLK Pin=U?-30
Added Pin To Net: NetName=SPI1_CLK Pin=W1-6
Added Net: Name=SPI1_CLK
Added Pin To Net: NetName=SPI1_MISO Pin=U?-31
Added Pin To Net: NetName=SPI1_MISO Pin=W1-2
Added Net: Name=SPI1_MISO
Added Pin To Net: NetName=SPI1_MOSI Pin=U?-32
Added Pin To Net: NetName=SPI1_MOSI Pin=W1-5
Added Net: Name=SPI1_MOSI
Added Pin To Net: NetName=SPI1_NSS Pin=R10-1
Added Pin To Net: NetName=SPI1_NSS Pin=U?-29
Added Pin To Net: NetName=SPI1_NSS Pin=W1-1
Added Net: Name=SPI1_NSS
Added Pin To Net: NetName=SPI2_CLK Pin=H4-6
Added Pin To Net: NetName=SPI2_CLK Pin=U?-52
Added Net: Name=SPI2_CLK
Added Pin To Net: NetName=SPI2_CS1 Pin=H4-3
Added Pin To Net: NetName=SPI2_CS1 Pin=U?-81
Added Net: Name=SPI2_CS1
Added Pin To Net: NetName=SPI2_CS2 Pin=H4-2
Added Pin To Net: NetName=SPI2_CS2 Pin=U?-78
Added Net: Name=SPI2_CS2
Added Pin To Net: NetName=SPI2_CS3 Pin=H4-1
Added Pin To Net: NetName=SPI2_CS3 Pin=U?-79
Added Net: Name=SPI2_CS3
Added Pin To Net: NetName=SPI2_MISO Pin=H4-4
Added Pin To Net: NetName=SPI2_MISO Pin=U?-53
Added Net: Name=SPI2_MISO
Added Pin To Net: NetName=SPI2_MOSI Pin=H4-5
Added Pin To Net: NetName=SPI2_MOSI Pin=U?-54
Added Net: Name=SPI2_MOSI
Added Pin To Net: NetName=SPI2_NSS Pin=U?-51
Added Net: Name=SPI2_NSS
Added Pin To Net: NetName=SWCLK_I Pin=R15-5
Added Net: Name=SWCLK_I
Added Pin To Net: NetName=SWDIO_I Pin=R15-6
Added Net: Name=SWDIO_I
Added Pin To Net: NetName=TIM1_CH1 Pin=R13-1
Added Pin To Net: NetName=TIM1_CH1 Pin=U?-40
Added Net: Name=TIM1_CH1
Added Pin To Net: NetName=TIM1_CH2 Pin=R13-2
Added Pin To Net: NetName=TIM1_CH2 Pin=U?-42
Added Net: Name=TIM1_CH2
Added Pin To Net: NetName=TIM1_CH3 Pin=R13-3
Added Pin To Net: NetName=TIM1_CH3 Pin=U?-44
Added Net: Name=TIM1_CH3
Added Pin To Net: NetName=TIM1_CH4 Pin=R13-4
Added Pin To Net: NetName=TIM1_CH4 Pin=U?-45
Added Net: Name=TIM1_CH4
Added Pin To Net: NetName=TIM3_CH1 Pin=R16-1
Added Net: Name=TIM3_CH1
Added Pin To Net: NetName=TIM3_CH2 Pin=R16-2
Added Net: Name=TIM3_CH2
Added Pin To Net: NetName=TIM3_CH3 Pin=R16-3
Added Pin To Net: NetName=TIM3_CH3 Pin=U?-35
Added Net: Name=TIM3_CH3
Added Pin To Net: NetName=TIM3_CH4 Pin=R16-4
Added Pin To Net: NetName=TIM3_CH4 Pin=U?-36
Added Net: Name=TIM3_CH4
Added Pin To Net: NetName=TIM4_CH1 Pin=R17-1
Added Pin To Net: NetName=TIM4_CH1 Pin=U?-59
Added Net: Name=TIM4_CH1
Added Pin To Net: NetName=TIM4_CH2 Pin=R17-2
Added Pin To Net: NetName=TIM4_CH2 Pin=U?-60
Added Net: Name=TIM4_CH2
Added Pin To Net: NetName=TIM4_CH3 Pin=R17-3
Added Pin To Net: NetName=TIM4_CH3 Pin=U?-61
Added Net: Name=TIM4_CH3
Added Pin To Net: NetName=TIM4_CH4 Pin=R17-4
Added Pin To Net: NetName=TIM4_CH4 Pin=U?-62
Added Net: Name=TIM4_CH4
Added Pin To Net: NetName=TIM5_CH3 Pin=R14-1
Added Pin To Net: NetName=TIM5_CH3 Pin=U?-25
Added Net: Name=TIM5_CH3
Added Pin To Net: NetName=TIM5_CH4 Pin=R14-2
Added Pin To Net: NetName=TIM5_CH4 Pin=U?-26
Added Net: Name=TIM5_CH4
Added Pin To Net: NetName=TIM8_CH3 Pin=R12-3
Added Pin To Net: NetName=TIM8_CH3 Pin=U?-65
Added Net: Name=TIM8_CH3
Added Pin To Net: NetName=TIM8_CH4 Pin=R12-4
Added Pin To Net: NetName=TIM8_CH4 Pin=U?-66
Added Net: Name=TIM8_CH4
Added Pin To Net: NetName=USART1_RX Pin=R11-2
Added Pin To Net: NetName=USART1_RX Pin=U?-69
Added Net: Name=USART1_RX
Added Pin To Net: NetName=USART1_TX Pin=R11-1
Added Pin To Net: NetName=USART1_TX Pin=U?-68
Added Net: Name=USART1_TX
Added Pin To Net: NetName=USART2_RX_I Pin=R11-5
Added Net: Name=USART2_RX_I
Added Pin To Net: NetName=USART2_RX Pin=R11-4
Added Pin To Net: NetName=USART2_RX Pin=U?-87
Added Net: Name=USART2_RX
Added Pin To Net: NetName=USART2_TX_I Pin=R11-6
Added Net: Name=USART2_TX_I
Added Pin To Net: NetName=USART2_TX Pin=R11-3
Added Pin To Net: NetName=USART2_TX Pin=U?-86
Added Net: Name=USART2_TX
Added Pin To Net: NetName=USART3_RX Pin=R12-2
Added Pin To Net: NetName=USART3_RX Pin=U?-48
Added Net: Name=USART3_RX
Added Pin To Net: NetName=USART3_TX Pin=R12-1
Added Pin To Net: NetName=USART3_TX Pin=U?-47
Added Net: Name=USART3_TX
Added Pin To Net: NetName=USART4_RX_I Pin=R14-5
Added Net: Name=USART4_RX_I
Added Pin To Net: NetName=USART4_RX Pin=R14-4
Added Pin To Net: NetName=USART4_RX Pin=U?-24
Added Net: Name=USART4_RX
Added Pin To Net: NetName=USART4_TX_I Pin=R14-6
Added Net: Name=USART4_TX_I
Added Pin To Net: NetName=USART4_TX Pin=R14-3
Added Pin To Net: NetName=USART4_TX Pin=U?-23
Added Net: Name=USART4_TX
Added Pin To Net: NetName=USART5_RX_I Pin=R15-7
Added Net: Name=USART5_RX_I
Added Pin To Net: NetName=USART5_RX Pin=R15-2
Added Pin To Net: NetName=USART5_RX Pin=U?-83
Added Net: Name=USART5_RX
Added Pin To Net: NetName=USART5_TX_I Pin=R15-8
Added Net: Name=USART5_TX_I
Added Pin To Net: NetName=USART5_TX Pin=R15-1
Added Pin To Net: NetName=USART5_TX Pin=U?-80
Added Net: Name=USART5_TX
Added Member To Class: ClassName=·É¿Ø°å Member=Component 0.1uf50v C7
Added Member To Class: ClassName=·É¿Ø°å Member=Component 1uf10v C5
Added Member To Class: ClassName=·É¿Ø°å Member=Component 4.7uf16v C4
Added Member To Class: ClassName=·É¿Ø°å Member=Component C1 10nF50V
Added Member To Class: ClassName=·É¿Ø°å Member=Component D1 1N5819
Added Member To Class: ClassName=·É¿Ø°å Member=Component D2 1N5819
Added Member To Class: ClassName=·É¿Ø°å Member=Component D3 1N5819
Added Member To Class: ClassName=·É¿Ø°å Member=Component H1 Header 8
Added Member To Class: ClassName=·É¿Ø°å Member=Component H2 Header 8
Added Member To Class: ClassName=·É¿Ø°å Member=Component H3 Header 8
Added Member To Class: ClassName=·É¿Ø°å Member=Component H4 Header 8
Added Member To Class: ClassName=·É¿Ø°å Member=Component L1 CD54-22UH2A
Added Member To Class: ClassName=·É¿Ø°å Member=Component LED1 
Added Member To Class: ClassName=·É¿Ø°å Member=Component LED2 
Added Member To Class: ClassName=·É¿Ø°å Member=Component LED3 
Added Member To Class: ClassName=·É¿Ø°å Member=Component LED4 
Added Member To Class: ClassName=·É¿Ø°å Member=Component P1 SH1.0-10P
Added Member To Class: ClassName=·É¿Ø°å Member=Component R2 50K
Added Member To Class: ClassName=·É¿Ø°å Member=Component R3 10K
Added Member To Class: ClassName=·É¿Ø°å Member=Component R4 1K
Added Member To Class: ClassName=·É¿Ø°å Member=Component R5 1K
Added Member To Class: ClassName=·É¿Ø°å Member=Component R6 1K
Added Member To Class: ClassName=·É¿Ø°å Member=Component R7 1K
Added Member To Class: ClassName=·É¿Ø°å Member=Component R8 1K
Added Member To Class: ClassName=·É¿Ø°å Member=Component R9 1K
Added Member To Class: ClassName=·É¿Ø°å Member=Component R10 4.3K
Added Member To Class: ClassName=·É¿Ø°å Member=Component R11 10K
Added Member To Class: ClassName=·É¿Ø°å Member=Component R12 10K
Added Member To Class: ClassName=·É¿Ø°å Member=Component R13 ANO-1K-ÅÅ×è
Added Member To Class: ClassName=·É¿Ø°å Member=Component R14 ANO-1K-ÅÅ×è
Added Member To Class: ClassName=·É¿Ø°å Member=Component R15 ANO-1K-ÅÅ×è
Added Member To Class: ClassName=·É¿Ø°å Member=Component R16 ANO-1K-ÅÅ×è
Added Member To Class: ClassName=·É¿Ø°å Member=Component R17 ANO-1K-ÅÅ×è
Added Member To Class: ClassName=·É¿Ø°å Member=Component  TC10UF
Added Member To Class: ClassName=·É¿Ø°å Member=Component U1 TPS5430
Added Member To Class: ClassName=·É¿Ø°å Member=Component U2 ANO-USB
Added Member To Class: ClassName=·É¿Ø°å Member=Component U3 USART1
Added Member To Class: ClassName=·É¿Ø°å Member=Component U4 USART2
Added Member To Class: ClassName=·É¿Ø°å Member=Component U5 USART3
Added Member To Class: ClassName=·É¿Ø°å Member=Component U6 USART4
Added Member To Class: ClassName=·É¿Ø°å Member=Component U7 USART5
Added Member To Class: ClassName=·É¿Ø°å Member=Component U8 
Added Member To Class: ClassName=·É¿Ø°å Member=Component U9 PPM
Added Member To Class: ClassName=·É¿Ø°å Member=Component U10 SWD
Added Member To Class: ClassName=·É¿Ø°å Member=Component U11 MIC5219
Added Member To Class: ClassName=·É¿Ø°å Member=Component U? STM32F407VGT6!
Added Member To Class: ClassName=·É¿Ø°å Member=Component W1 W25Q32
Added Member To Class: ClassName=·É¿Ø°å Member=Component X? ÌùÆ¬¾§Õñ
