Change Component DesignItemId : Designator=T2 Old DesignItemId= New DesignItemId=47UF16V
Change Component DesignItemId : Designator=T3 Old DesignItemId= New DesignItemId=47UF16V
Change Component DesignItemId : Designator=LED1 Old DesignItemId= New DesignItemId=LED1206
Change Component DesignItemId : Designator=LED2 Old DesignItemId= New DesignItemId=LED1206
Change Component DesignItemId : Designator=LED3 Old DesignItemId= New DesignItemId=LED1206
Change Component DesignItemId : Designator=LED4 Old DesignItemId= New DesignItemId=LED1206
Change Component DesignItemId : Designator=X1 Old DesignItemId= New DesignItemId=贴片晶振
Change Component DesignItemId : Designator=R11 Old DesignItemId=A New DesignItemId=ANO-1K-排阻
Change Component DesignItemId : Designator=R12 Old DesignItemId=A New DesignItemId=ANO-1K-排阻
Change Component DesignItemId : Designator=R13 Old DesignItemId=A New DesignItemId=ANO-1K-排阻
Change Component DesignItemId : Designator=R14 Old DesignItemId=A New DesignItemId=ANO-1K-排阻
Change Component DesignItemId : Designator=R15 Old DesignItemId=A New DesignItemId=ANO-1K-排阻
Change Component DesignItemId : Designator=R16 Old DesignItemId=A New DesignItemId=ANO-1K-排阻
Change Component DesignItemId : Designator=R17 Old DesignItemId=A New DesignItemId=ANO-1K-排阻
Change Component DesignItemId : Designator=U2 Old DesignItemId=ANO-U New DesignItemId=ANO-USB
Change Component DesignItemId : Designator=U11 Old DesignItemId=MIC52 New DesignItemId=MIC5219
Change Component DesignItemId : Designator=P1 Old DesignItemId=SH1.0-1 New DesignItemId=SH1.0-10P
Change Component DesignItemId : Designator=U9 Old DesignItemId=SH1.0- New DesignItemId=SH1.0-3P
Change Component DesignItemId : Designator=U3 Old DesignItemId=SH1.0- New DesignItemId=SH1.0-4P
Change Component DesignItemId : Designator=U4 Old DesignItemId=SH1.0- New DesignItemId=SH1.0-4P
Change Component DesignItemId : Designator=U5 Old DesignItemId=SH1.0- New DesignItemId=SH1.0-4P
Change Component DesignItemId : Designator=U6 Old DesignItemId=SH1.0- New DesignItemId=SH1.0-4P
Change Component DesignItemId : Designator=U7 Old DesignItemId=SH1.0- New DesignItemId=SH1.0-4P
Change Component DesignItemId : Designator=U8 Old DesignItemId=SH1.0- New DesignItemId=SH1.0-4P
Change Component DesignItemId : Designator=U10 Old DesignItemId=SH1.0- New DesignItemId=SH1.0-4P
Change Component DesignItemId : Designator=U15 Old DesignItemId=STM32F407VGT New DesignItemId=STM32F407VGT6!
Change Component DesignItemId : Designator=T4 Old DesignItemId=TC10 New DesignItemId=TC10UF
Change Component DesignItemId : Designator=T1 Old DesignItemId=TC100 New DesignItemId=TC100UF
Change Component DesignItemId : Designator=U1 Old DesignItemId=TPS54 New DesignItemId=TPS5430
Change Component DesignItemId : Designator=W1 Old DesignItemId=W25Q New DesignItemId=W25Q32
Change Component Footprint: Designator=C1 Old Footprint=0805R New Footprint=2512C
Change Component Description : Designator=R2 Old Description= New Description=0805贴片电阻
Change Component Description : Designator=R3 Old Description= New Description=0805贴片电阻
Change Component Description : Designator=R4 Old Description= New Description=0805贴片电阻
Change Component Description : Designator=R5 Old Description= New Description=0805贴片电阻
Change Component Description : Designator=R6 Old Description= New Description=0805贴片电阻
Change Component Description : Designator=R7 Old Description= New Description=0805贴片电阻
Change Component Description : Designator=R8 Old Description= New Description=0805贴片电阻
Change Component Description : Designator=R9 Old Description= New Description=0805贴片电阻
Change Component Description : Designator=R10 Old Description= New Description=0805贴片电阻
Change Component Description : Designator=R18 Old Description= New Description=0805贴片电阻
Change Component Description : Designator=R19 Old Description= New Description=0805贴片电阻
Change Component Description : Designator=R20 Old Description= New Description=0805贴片电阻
Change Component Description : Designator=C2 Old Description= New Description=无极性电容
Change Component Description : Designator=C3 Old Description= New Description=无极性电容
Change Component Description : Designator=C4 Old Description= New Description=无极性电容
Change Component Description : Designator=C5 Old Description= New Description=无极性电容
Change Component Description : Designator=C6 Old Description= New Description=无极性电容
Change Component Description : Designator=C7 Old Description= New Description=无极性电容
Change Component Description : Designator=C8 Old Description= New Description=无极性电容
Change Component Description : Designator=D1 Old Description= New Description=贴片肖特基二极管
Change Component Description : Designator=D2 Old Description= New Description=贴片肖特基二极管
Change Component Description : Designator=D3 Old Description= New Description=贴片肖特基二极管
Added Pin To Net: NetName=TIM3_CH1 Pin=U15-63
Added Pin To Net: NetName=TIM3_CH2 Pin=U15-64
