Removed Pin From Net: NetName=USART1_TX Pin=R31-1
Removed Pin From Net: NetName=USART1_TX_I Pin=R31-2
Removed Pin From Net: NetName=USART1_RX Pin=R32-1
Removed Pin From Net: NetName=USART1_RX_I Pin=R32-2
Removed Pin From Net: NetName=USART2_TX Pin=R33-1
Removed Pin From Net: NetName=USART2_TX_I Pin=R33-2
Removed Pin From Net: NetName=USART2_RX Pin=R34-1
Removed Pin From Net: NetName=USART2_RX_I Pin=R34-2
Removed Pin From Net: NetName=TIM1_CH1 Pin=R35-1
Removed Pin From Net: NetName=PWMOUT_4 Pin=R35-2
Removed Pin From Net: NetName=TIM1_CH2 Pin=R36-1
Removed Pin From Net: NetName=PWMOUT_3 Pin=R36-2
Removed Pin From Net: NetName=TIM1_CH3 Pin=R37-1
Removed Pin From Net: NetName=PWMOUT_2 Pin=R37-2
Removed Pin From Net: NetName=TIM1_CH4 Pin=R38-1
Removed Pin From Net: NetName=PWMOUT_1 Pin=R38-2
Removed Pin From Net: NetName=USART4_TX Pin=R39-1
Removed Pin From Net: NetName=USART4_TX_I Pin=R39-2
Removed Pin From Net: NetName=USART4_RX Pin=R40-1
Removed Pin From Net: NetName=USART4_RX_I Pin=R40-2
Removed Pin From Net: NetName=USART3_TX Pin=R41-1
Removed Pin From Net: NetName=USART3_TX_I Pin=R41-2
Removed Pin From Net: NetName=USART3_RX Pin=R42-1
Removed Pin From Net: NetName=USART3_RX_I Pin=R42-2
Removed Pin From Net: NetName=USART5_TX Pin=R43-1
Removed Pin From Net: NetName=USART5_TX_I Pin=R43-2
Removed Pin From Net: NetName=USART5_RX Pin=R44-1
Removed Pin From Net: NetName=USART5_RX_I Pin=R44-2
Removed Pin From Net: NetName=SWDIO Pin=R45-1
Removed Pin From Net: NetName=SWDIO_I Pin=R45-2
Removed Pin From Net: NetName=SWCLK Pin=R46-1
Removed Pin From Net: NetName=SWCLK_I Pin=R46-2
Added Component: Designator=LX_IMU(LX_IMU)
Added Component: Designator=P2_IMU(P2_IMU)
Added Pin To Net: NetName=GND Pin=LX_IMU-1
Added Pin To Net: NetName=VCC_5.0V Pin=LX_IMU-2
Added Pin To Net: NetName=OTG_FS_DM Pin=LX_IMU-3
Added Pin To Net: NetName=OTG_FS_DP Pin=LX_IMU-4
Added Pin To Net: NetName=USART5_TX_I Pin=LX_IMU-5
Added Pin To Net: NetName=USART5_RX_I Pin=LX_IMU-6
Added Pin To Net: NetName=USART_IMU_TX Pin=LX_IMU-7
Added Pin To Net: NetName=USART_IMU_RX Pin=LX_IMU-8
Added Pin To Net: NetName=GND Pin=P2_IMU-1
Added Pin To Net: NetName=VCC_5.0V Pin=P2_IMU-2
Added Pin To Net: NetName=TIM10_CH1 Pin=P2_IMU-3
Added Pin To Net: NetName=SPI2_MOSI Pin=P2_IMU-4
Added Pin To Net: NetName=SPI2_MISO Pin=P2_IMU-5
Added Pin To Net: NetName=SPI2_CLK Pin=P2_IMU-6
Added Pin To Net: NetName=GYR_INT Pin=P2_IMU-7
Added Pin To Net: NetName=SPI2_CS1 Pin=P2_IMU-8
Added Pin To Net: NetName=SPI2_CS2 Pin=P2_IMU-9
Added Pin To Net: NetName=SPI2_CS3 Pin=P2_IMU-10
Added Pin To Net: NetName=SPI2_NSS Pin=P2_IMU-11
Added Pin To Net: NetName=GND Pin=P2_IMU-12
Added Pin To Net: NetName=USART1_TX_I Pin=R31-1
Added Pin To Net: NetName=USART1_TX Pin=R31-2
Added Pin To Net: NetName=USART1_RX_I Pin=R32-1
Added Pin To Net: NetName=USART1_RX Pin=R32-2
Added Pin To Net: NetName=USART2_TX_I Pin=R33-1
Added Pin To Net: NetName=USART2_TX Pin=R33-2
Added Pin To Net: NetName=USART2_RX_I Pin=R34-1
Added Pin To Net: NetName=USART2_RX Pin=R34-2
Added Pin To Net: NetName=PWMOUT_4 Pin=R35-1
Added Pin To Net: NetName=TIM1_CH1 Pin=R35-2
Added Pin To Net: NetName=PWMOUT_3 Pin=R36-1
Added Pin To Net: NetName=TIM1_CH2 Pin=R36-2
Added Pin To Net: NetName=PWMOUT_2 Pin=R37-1
Added Pin To Net: NetName=TIM1_CH3 Pin=R37-2
Added Pin To Net: NetName=PWMOUT_1 Pin=R38-1
Added Pin To Net: NetName=TIM1_CH4 Pin=R38-2
Added Pin To Net: NetName=USART4_TX_I Pin=R39-1
Added Pin To Net: NetName=USART4_TX Pin=R39-2
Added Pin To Net: NetName=USART4_RX_I Pin=R40-1
Added Pin To Net: NetName=USART4_RX Pin=R40-2
Added Pin To Net: NetName=USART3_TX_I Pin=R41-1
Added Pin To Net: NetName=USART3_TX Pin=R41-2
Added Pin To Net: NetName=USART3_RX_I Pin=R42-1
Added Pin To Net: NetName=USART3_RX Pin=R42-2
Added Pin To Net: NetName=USART5_TX_I Pin=R43-1
Added Pin To Net: NetName=USART5_TX Pin=R43-2
Added Pin To Net: NetName=USART5_RX_I Pin=R44-1
Added Pin To Net: NetName=USART5_RX Pin=R44-2
Added Pin To Net: NetName=SWDIO_I Pin=R45-1
Added Pin To Net: NetName=SWDIO Pin=R45-2
Added Pin To Net: NetName=SWCLK_I Pin=R46-1
Added Pin To Net: NetName=SWCLK Pin=R46-2
