Change Component DesignItemId : Designator=T2 Old DesignItemId= New DesignItemId=47UF16V
Change Component DesignItemId : Designator=T3 Old DesignItemId= New DesignItemId=47UF16V
Change Component DesignItemId : Designator=C1 Old DesignItemId= New DesignItemId=Cap_2512
Change Component DesignItemId : Designator=LED1 Old DesignItemId= New DesignItemId=LED1206
Change Component DesignItemId : Designator=LED2 Old DesignItemId= New DesignItemId=LED1206
Change Component DesignItemId : Designator=LED3 Old DesignItemId= New DesignItemId=LED1206
Change Component DesignItemId : Designator=LED4 Old DesignItemId= New DesignItemId=LED1206
Change Component DesignItemId : Designator=R2 Old DesignItemId= New DesignItemId=Res_0805
Change Component DesignItemId : Designator=R3 Old DesignItemId= New DesignItemId=Res_0805
Change Component DesignItemId : Designator=R4 Old DesignItemId= New DesignItemId=Res_0805
Change Component DesignItemId : Designator=R5 Old DesignItemId= New DesignItemId=Res_0805
Change Component DesignItemId : Designator=R6 Old DesignItemId= New DesignItemId=Res_0805
Change Component DesignItemId : Designator=R7 Old DesignItemId= New DesignItemId=Res_0805
Change Component DesignItemId : Designator=R8 Old DesignItemId= New DesignItemId=Res_0805
Change Component DesignItemId : Designator=R9 Old DesignItemId= New DesignItemId=Res_0805
Change Component DesignItemId : Designator=R10 Old DesignItemId= New DesignItemId=Res_0805
Change Component DesignItemId : Designator=R18 Old DesignItemId= New DesignItemId=Res_0805
Change Component DesignItemId : Designator=R19 Old DesignItemId= New DesignItemId=Res_0805
Change Component DesignItemId : Designator=R20 Old DesignItemId= New DesignItemId=Res_0805
Change Component DesignItemId : Designator=X1 Old DesignItemId= New DesignItemId=陶瓷晶振
Change Component DesignItemId : Designator=R11 Old DesignItemId=1k New DesignItemId=1k0603
Change Component DesignItemId : Designator=R12 Old DesignItemId=1k New DesignItemId=1k0603
Change Component DesignItemId : Designator=R13 Old DesignItemId=1k New DesignItemId=1k0603
Change Component DesignItemId : Designator=R14 Old DesignItemId=1k New DesignItemId=1k0603
Change Component DesignItemId : Designator=R15 Old DesignItemId=1k New DesignItemId=1k0603
Change Component DesignItemId : Designator=R16 Old DesignItemId=1k New DesignItemId=1k0603
Change Component DesignItemId : Designator=R17 Old DesignItemId=1k New DesignItemId=1k0603
Change Component DesignItemId : Designator=USB Old DesignItemId=ANO New DesignItemId=ANO-USB
Change Component DesignItemId : Designator=U11 Old DesignItemId=MIC New DesignItemId=MIC5219
Change Component DesignItemId : Designator=PWM_IN Old DesignItemId=SH1.0 New DesignItemId=SH1.0-10P
Change Component DesignItemId : Designator=PPM Old DesignItemId=SH1. New DesignItemId=SH1.0-3P
Change Component DesignItemId : Designator=SWD Old DesignItemId=SH1. New DesignItemId=SH1.0-4P
Change Component DesignItemId : Designator=USART1 Old DesignItemId=SH1. New DesignItemId=SH1.0-4P
Change Component DesignItemId : Designator=USART2 Old DesignItemId=SH1. New DesignItemId=SH1.0-4P
Change Component DesignItemId : Designator=USART3 Old DesignItemId=SH1. New DesignItemId=SH1.0-4P
Change Component DesignItemId : Designator=USART4 Old DesignItemId=SH1. New DesignItemId=SH1.0-4P
Change Component DesignItemId : Designator=USART5 Old DesignItemId=SH1. New DesignItemId=SH1.0-4P
Change Component DesignItemId : Designator=VCC_IN Old DesignItemId=SH1. New DesignItemId=SH1.0-4P
Change Component DesignItemId : Designator=U15 Old DesignItemId=STM32F407V New DesignItemId=STM32F407VGT6!
Change Component DesignItemId : Designator=T1 Old DesignItemId=TC1 New DesignItemId=TC100UF
Change Component DesignItemId : Designator=T4 Old DesignItemId=TC New DesignItemId=TC10UF
Change Component DesignItemId : Designator=U1 Old DesignItemId=TPS New DesignItemId=TPS5430
Change Component DesignItemId : Designator=W1 Old DesignItemId=W2 New DesignItemId=W25Q32
Change Component Footprint: Designator=C1 Old Footprint=0805L New Footprint=2512C
Change Component Designator: OldDesignator=PPM NewDesignator=U9
Change Component Designator: OldDesignator=PWM_IN NewDesignator=P1
Change Component Designator: OldDesignator=SWD NewDesignator=U10
Change Component Designator: OldDesignator=USART1 NewDesignator=U3
Change Component Designator: OldDesignator=USART2 NewDesignator=U4
Change Component Designator: OldDesignator=USART3 NewDesignator=U5
Change Component Designator: OldDesignator=USART4 NewDesignator=U6
Change Component Designator: OldDesignator=USART5 NewDesignator=U7
Change Component Designator: OldDesignator=USB NewDesignator=U2
Change Component Designator: OldDesignator=VCC_IN NewDesignator=U8
Change Component Description : Designator=R2 Old Description= New Description=0805贴片电阻
Change Component Description : Designator=R3 Old Description= New Description=0805贴片电阻
Change Component Description : Designator=R4 Old Description= New Description=0805贴片电阻
Change Component Description : Designator=R5 Old Description= New Description=0805贴片电阻
Change Component Description : Designator=R6 Old Description= New Description=0805贴片电阻
Change Component Description : Designator=R7 Old Description= New Description=0805贴片电阻
Change Component Description : Designator=R8 Old Description= New Description=0805贴片电阻
Change Component Description : Designator=R9 Old Description= New Description=0805贴片电阻
Change Component Description : Designator=R10 Old Description= New Description=0805贴片电阻
Change Component Description : Designator=R18 Old Description= New Description=0805贴片电阻
Change Component Description : Designator=R19 Old Description= New Description=0805贴片电阻
Change Component Description : Designator=R20 Old Description= New Description=0805贴片电阻
Change Component Description : Designator=H1 Old Description= New Description=Header, 8-Pin
Change Component Description : Designator=H2 Old Description= New Description=Header, 8-Pin
Change Component Description : Designator=H3 Old Description= New Description=Header, 8-Pin
Change Component Description : Designator=H4 Old Description= New Description=Header, 8-Pin
Change Component Description : Designator=L1 Old Description= New Description=INDUCTOR
Change Component Description : Designator=C2 Old Description= New Description=无极性电容
Change Component Description : Designator=C3 Old Description= New Description=无极性电容
Change Component Description : Designator=C4 Old Description= New Description=无极性电容
Change Component Description : Designator=C5 Old Description= New Description=无极性电容
Change Component Description : Designator=C6 Old Description= New Description=无极性电容
Change Component Description : Designator=C7 Old Description= New Description=无极性电容
Change Component Description : Designator=C8 Old Description= New Description=无极性电容
Change Component Description : Designator=D1 Old Description= New Description=贴片肖特基二极管
Change Component Description : Designator=D2 Old Description= New Description=贴片肖特基二极管
Change Component Description : Designator=D3 Old Description= New Description=贴片肖特基二极管
Change Component Library : Designator=X1 Old Library=陶瓷晶振 New Library=陶瓷晶振.IntLib
Added Pin To Net: NetName=GND Pin=U1-6
Added Pin To Net: NetName=GND Pin=U1-9
