Removed Pin From Net: NetName=Net_1 Pin=-1
Removed Pin From Net: NetName=Net_2 Pin=-2
Removed Pin From Net: NetName=Net_3 Pin=-3
Removed Pin From Net: NetName=Net_1 Pin=R8-1
Removed Pin From Net: NetName=Net_2 Pin=R8-2
Removed Pin From Net: NetName=Net_1 Pin=R9-2
Removed Pin From Net: NetName=Net_3 Pin=R26-2
Change Component Comment : Designator=RGB Old Comment=RGB New Comment=
Added Component: Designator=U15(STM32F407VGT6-ANO)
Added Pin To Net: NetName=Net_1 Pin=-1
Added Pin To Net: NetName=Net_2 Pin=-2
Added Pin To Net: NetName=Net_3 Pin=-3
Added Pin To Net: NetName=Net_3 Pin=R10-2
Added Pin To Net: NetName=Net_1 Pin=R29-1
Added Pin To Net: NetName=Net_2 Pin=R29-2
Added Pin To Net: NetName=Net_1 Pin=R30-2
Added Pin To Net: NetName=LED_3 Pin=U15-1
Added Pin To Net: NetName=VCC_3.3V Pin=U15-6
Added Pin To Net: NetName=GND Pin=U15-10
Added Pin To Net: NetName=VCC_3.3V Pin=U15-11
Added Pin To Net: NetName=NetU15_12 Pin=U15-12
Added Pin To Net: NetName=NetU15_13 Pin=U15-13
Added Pin To Net: NetName=NetC8_1 Pin=U15-14
Added Pin To Net: NetName=VCC_3.3V Pin=U15-19
Added Pin To Net: NetName=GND Pin=U15-20
Added Pin To Net: NetName=VCC_3.3V Pin=U15-21
Added Pin To Net: NetName=VCC_3.3V Pin=U15-22
Added Pin To Net: NetName=USART4_TX Pin=U15-23
Added Pin To Net: NetName=USART4_RX Pin=U15-24
Added Pin To Net: NetName=GND Pin=U15-27
Added Pin To Net: NetName=VCC_3.3V Pin=U15-28
Added Pin To Net: NetName=SPI1_NSS Pin=U15-29
Added Pin To Net: NetName=SPI1_CLK Pin=U15-30
Added Pin To Net: NetName=SPI1_MISO Pin=U15-31
Added Pin To Net: NetName=SPI1_MOSI Pin=U15-32
Added Pin To Net: NetName=POWER_INPUT Pin=U15-34
Added Pin To Net: NetName=TIM3_CH3 Pin=U15-35
Added Pin To Net: NetName=TIM3_CH4 Pin=U15-36
Added Pin To Net: NetName=BOOT1 Pin=U15-37
Added Pin To Net: NetName=TIM1_CH1 Pin=U15-40
Added Pin To Net: NetName=TIM1_CH2 Pin=U15-42
Added Pin To Net: NetName=TIM1_CH3 Pin=U15-44
Added Pin To Net: NetName=TIM1_CH4 Pin=U15-45
Added Pin To Net: NetName=USART3_TX Pin=U15-47
Added Pin To Net: NetName=USART3_RX Pin=U15-48
Added Pin To Net: NetName=NetC6_2 Pin=U15-49
Added Pin To Net: NetName=VCC_3.3V Pin=U15-50
Added Pin To Net: NetName=SPI2_NSS Pin=U15-51
Added Pin To Net: NetName=SPI2_CLK Pin=U15-52
Added Pin To Net: NetName=SPI2_MISO Pin=U15-53
Added Pin To Net: NetName=SPI2_MOSI Pin=U15-54
Added Pin To Net: NetName=TIM4_CH1 Pin=U15-59
Added Pin To Net: NetName=TIM4_CH2 Pin=U15-60
Added Pin To Net: NetName=TIM4_CH3 Pin=U15-61
Added Pin To Net: NetName=TIM4_CH4 Pin=U15-62
Added Pin To Net: NetName=TIM3_CH1 Pin=U15-63
Added Pin To Net: NetName=TIM3_CH2 Pin=U15-64
Added Pin To Net: NetName=USART1_TX Pin=U15-68
Added Pin To Net: NetName=USART1_RX Pin=U15-69
Added Pin To Net: NetName=OTG_FS_DM Pin=U15-70
Added Pin To Net: NetName=OTG_FS_DP Pin=U15-71
Added Pin To Net: NetName=SWDIO Pin=U15-72
Added Pin To Net: NetName=NetC7_2 Pin=U15-73
Added Pin To Net: NetName=GND Pin=U15-74
Added Pin To Net: NetName=VCC_3.3V Pin=U15-75
Added Pin To Net: NetName=SWCLK Pin=U15-76
Added Pin To Net: NetName=SPI2_CS2 Pin=U15-78
Added Pin To Net: NetName=SPI2_CS3 Pin=U15-79
Added Pin To Net: NetName=USART5_TX Pin=U15-80
Added Pin To Net: NetName=SPI2_CS1 Pin=U15-81
Added Pin To Net: NetName=USART5_RX Pin=U15-83
Added Pin To Net: NetName=USART2_TX Pin=U15-86
Added Pin To Net: NetName=USART2_RX Pin=U15-87
Added Pin To Net: NetName=NetR19_2 Pin=U15-94
Added Pin To Net: NetName=LED_1 Pin=U15-97
Added Pin To Net: NetName=LED_2 Pin=U15-98
Added Pin To Net: NetName=GND Pin=U15-99
Added Pin To Net: NetName=VCC_3.3V Pin=U15-100
Added Member To Class: ClassName=·É¿Ø°å2 Member=Component U15 U?
