Added Component: Designator=C1(0805C)
Added Component: Designator=C2(0805C)
Added Component: Designator=C5(0805C)
Added Component: Designator=C6(0805C)
Added Component: Designator=C7(0805C)
Added Component: Designator=C8(0805C)
Added Component: Designator=C9(0805C)
Added Component: Designator=C10(0805C)
Added Component: Designator=C11(0805C)
Added Component: Designator=C12(0805C)
Added Component: Designator=C13(0805C)
Added Component: Designator=C14(0805C)
Added Component: Designator=C15(0805C)
Added Component: Designator=C16(0805C)
Added Component: Designator=D1(DO214AC_SMA)
Added Component: Designator=D2(DO214AC_SMA)
Added Component: Designator=D3(DO214AC_SMA)
Added Component: Designator=H1(HDR1X4)
Added Component: Designator=H2(HDR1X4)
Added Component: Designator=H3(HDR1X4)
Added Component: Designator=H4(HDR1X8)
Added Component: Designator=L1(CDRH73)
Added Component: Designator=LED1(LED-1206)
Added Component: Designator=P1(SH1.0-10P)
Added Component: Designator=R2(0805R)
Added Component: Designator=R3(0805R)
Added Component: Designator=R4(0805R)
Added Component: Designator=R5(0805R)
Added Component: Designator=R6(0805R)
Added Component: Designator=R7(0805R)
Added Component: Designator=R8(0805R)
Added Component: Designator=R9(0805R)
Added Component: Designator=R10(0805R)
Added Component: Designator=R18(0805R)
Added Component: Designator=R19(0805R)
Added Component: Designator=R20(0805R)
Added Component: Designator=R25(0805R)
Added Component: Designator=R26(0805R)
Added Component: Designator=R27(0805R)
Added Component: Designator=R28(0805R)
Added Component: Designator=R29(0805R)
Added Component: Designator=R30(0805R)
Added Component: Designator=R31(0805R)
Added Component: Designator=RGB¡ª_LED(RGB_LED)
Added Component: Designator=S1(SW-3*6)
Added Component: Designator=T1(0805C)
Added Component: Designator=T2(0805C)
Added Component: Designator=T3(0805C)
Added Component: Designator=(SI2310)
Added Component: Designator=(SI2310)
Added Component: Designator=(SI2310)
Added Component: Designator=U1(TPS5430)
Added Component: Designator=U2(ANO-USB)
Added Component: Designator=U3(SH1.0-4P)
Added Component: Designator=U4(SH1.0-4P)
Added Component: Designator=U5(SH1.0-4P)
Added Component: Designator=U6(SH1.0-4P)
Added Component: Designator=U7(SH1.0-4P)
Added Component: Designator=U8(SH1.0-4P)
Added Component: Designator=U9(SH1.0-3P)
Added Component: Designator=U10(SH1.0-4P)
Added Component: Designator=U11(MIC5219)
Added Component: Designator=U15(STM32F407VGT6=)
Added Component: Designator=W1(W25Q32)
Added Pin To Net: NetName=BOOT1 Pin=R18-1
Added Pin To Net: NetName=BOOT1 Pin=U15-37
Added Net: Name=BOOT1
Added Pin To Net: NetName=GND Pin=C2-1
Added Pin To Net: NetName=GND Pin=C5-1
Added Pin To Net: NetName=GND Pin=C6-1
Added Pin To Net: NetName=GND Pin=C7-1
Added Pin To Net: NetName=GND Pin=C8-2
Added Pin To Net: NetName=GND Pin=C9-2
Added Pin To Net: NetName=GND Pin=C10-2
Added Pin To Net: NetName=GND Pin=C11-2
Added Pin To Net: NetName=GND Pin=C12-2
Added Pin To Net: NetName=GND Pin=C13-2
Added Pin To Net: NetName=GND Pin=C14-2
Added Pin To Net: NetName=GND Pin=C15-2
Added Pin To Net: NetName=GND Pin=C16-2
Added Pin To Net: NetName=GND Pin=D3-1
Added Pin To Net: NetName=GND Pin=H3-1
Added Pin To Net: NetName=GND Pin=H3-2
Added Pin To Net: NetName=GND Pin=H3-3
Added Pin To Net: NetName=GND Pin=H3-4
Added Pin To Net: NetName=GND Pin=H4-7
Added Pin To Net: NetName=GND Pin=LED1-2
Added Pin To Net: NetName=GND Pin=P1-1
Added Pin To Net: NetName=GND Pin=R3-2
Added Pin To Net: NetName=GND Pin=R5-2
Added Pin To Net: NetName=GND Pin=R18-2
Added Pin To Net: NetName=GND Pin=R19-1
Added Pin To Net: NetName=GND Pin=S1-2
Added Pin To Net: NetName=GND Pin=T1-2
Added Pin To Net: NetName=GND Pin=T2-2
Added Pin To Net: NetName=GND Pin=T3-2
Added Pin To Net: NetName=GND Pin=U1-6
Added Pin To Net: NetName=GND Pin=U1-9
Added Pin To Net: NetName=GND Pin=U2-5
Added Pin To Net: NetName=GND Pin=U2-5
Added Pin To Net: NetName=GND Pin=U2-5
Added Pin To Net: NetName=GND Pin=U2-5
Added Pin To Net: NetName=GND Pin=U2-5
Added Pin To Net: NetName=GND Pin=U3-2
Added Pin To Net: NetName=GND Pin=U4-2
Added Pin To Net: NetName=GND Pin=U5-2
Added Pin To Net: NetName=GND Pin=U6-2
Added Pin To Net: NetName=GND Pin=U7-2
Added Pin To Net: NetName=GND Pin=U8-3
Added Pin To Net: NetName=GND Pin=U8-4
Added Pin To Net: NetName=GND Pin=U9-3
Added Pin To Net: NetName=GND Pin=U10-3
Added Pin To Net: NetName=GND Pin=U11-2
Added Pin To Net: NetName=GND Pin=U15-10
Added Pin To Net: NetName=GND Pin=U15-20
Added Pin To Net: NetName=GND Pin=U15-27
Added Pin To Net: NetName=GND Pin=U15-74
Added Pin To Net: NetName=GND Pin=U15-99
Added Pin To Net: NetName=GND Pin=W1-4
Added Net: Name=GND
Added Pin To Net: NetName=LED_1 Pin=R9-1
Added Pin To Net: NetName=LED_1 Pin=U15-97
Added Net: Name=LED_1
Added Pin To Net: NetName=LED_2 Pin=R27-1
Added Pin To Net: NetName=LED_2 Pin=U15-98
Added Net: Name=LED_2
Added Pin To Net: NetName=LED_3 Pin=R30-1
Added Pin To Net: NetName=LED_3 Pin=U15-1
Added Net: Name=LED_3
Added Pin To Net: NetName=Net_1 Pin=-1
Added Pin To Net: NetName=Net_1 Pin=R8-1
Added Pin To Net: NetName=Net_1 Pin=R9-2
Added Net: Name=Net_1
Added Pin To Net: NetName=Net_2 Pin=-2
Added Pin To Net: NetName=Net_2 Pin=R8-2
Added Net: Name=Net_2
Added Pin To Net: NetName=Net_3 Pin=-3
Added Pin To Net: NetName=Net_3 Pin=R26-2
Added Net: Name=Net_3
Added Pin To Net: NetName=NetC1_1 Pin=C1-1
Added Pin To Net: NetName=NetC1_1 Pin=D3-2
Added Pin To Net: NetName=NetC1_1 Pin=L1-1
Added Pin To Net: NetName=NetC1_1 Pin=U1-8
Added Net: Name=NetC1_1
Added Pin To Net: NetName=NetC1_2 Pin=C1-2
Added Pin To Net: NetName=NetC1_2 Pin=U1-1
Added Net: Name=NetC1_2
Added Pin To Net: NetName=NetC2_2 Pin=C2-2
Added Pin To Net: NetName=NetC2_2 Pin=U11-4
Added Net: Name=NetC2_2
Added Pin To Net: NetName=NetC6_2 Pin=C6-2
Added Pin To Net: NetName=NetC6_2 Pin=U15-49
Added Net: Name=NetC6_2
Added Pin To Net: NetName=NetC7_2 Pin=C7-2
Added Pin To Net: NetName=NetC7_2 Pin=U15-73
Added Net: Name=NetC7_2
Added Pin To Net: NetName=NetC8_1 Pin=C8-1
Added Pin To Net: NetName=NetC8_1 Pin=R31-1
Added Pin To Net: NetName=NetC8_1 Pin=S1-1
Added Pin To Net: NetName=NetC8_1 Pin=U15-14
Added Net: Name=NetC8_1
Added Pin To Net: NetName=NetD1_1 Pin=D1-1
Added Pin To Net: NetName=NetD1_1 Pin=L1-2
Added Pin To Net: NetName=NetD1_1 Pin=R2-1
Added Pin To Net: NetName=NetD1_1 Pin=T2-1
Added Pin To Net: NetName=NetD1_1 Pin=T3-1
Added Net: Name=NetD1_1
Added Pin To Net: NetName=NetLED1_1 Pin=LED1-1
Added Pin To Net: NetName=NetLED1_1 Pin=R7-2
Added Net: Name=NetLED1_1
Added Pin To Net: NetName=NetR2_2 Pin=R2-2
Added Pin To Net: NetName=NetR2_2 Pin=R3-1
Added Pin To Net: NetName=NetR2_2 Pin=U1-4
Added Net: Name=NetR2_2
Added Pin To Net: NetName=NetR4_2 Pin=R4-2
Added Pin To Net: NetName=NetR4_2 Pin=R5-1
Added Pin To Net: NetName=NetR4_2 Pin=R6-1
Added Net: Name=NetR4_2
Added Pin To Net: NetName=NetR10_1 Pin=R10-1
Added Pin To Net: NetName=NetR10_1 Pin=RGB¡ª_LED-6
Added Net: Name=NetR10_1
Added Pin To Net: NetName=NetR19_2 Pin=R19-2
Added Pin To Net: NetName=NetR19_2 Pin=U15-94
Added Net: Name=NetR19_2
Added Pin To Net: NetName=NetR25_1 Pin=R25-1
Added Pin To Net: NetName=NetR25_1 Pin=RGB¡ª_LED-4
Added Net: Name=NetR25_1
Added Pin To Net: NetName=NetR26_1 Pin=R26-1
Added Pin To Net: NetName=NetR26_1 Pin=RGB¡ª_LED-2
Added Net: Name=NetR26_1
Added Pin To Net: NetName=NetU15_12 Pin=U15-12
Added Net: Name=NetU15_12
Added Pin To Net: NetName=NetU15_13 Pin=U15-13
Added Net: Name=NetU15_13
Added Pin To Net: NetName=OTG_FS_DM Pin=U2-2
Added Pin To Net: NetName=OTG_FS_DM Pin=U15-70
Added Net: Name=OTG_FS_DM
Added Pin To Net: NetName=OTG_FS_DP Pin=U2-3
Added Pin To Net: NetName=OTG_FS_DP Pin=U15-71
Added Net: Name=OTG_FS_DP
Added Pin To Net: NetName=POWER_INPUT Pin=R6-2
Added Pin To Net: NetName=POWER_INPUT Pin=U15-34
Added Net: Name=POWER_INPUT
Added Pin To Net: NetName=PPM_IN Pin=P1-3
Added Pin To Net: NetName=PPM_IN Pin=U9-1
Added Net: Name=PPM_IN
Added Pin To Net: NetName=PWMIN_2 Pin=P1-4
Added Net: Name=PWMIN_2
Added Pin To Net: NetName=PWMIN_3 Pin=P1-5
Added Net: Name=PWMIN_3
Added Pin To Net: NetName=PWMIN_4 Pin=P1-6
Added Net: Name=PWMIN_4
Added Pin To Net: NetName=PWMIN_5 Pin=P1-7
Added Net: Name=PWMIN_5
Added Pin To Net: NetName=PWMIN_6 Pin=P1-8
Added Net: Name=PWMIN_6
Added Pin To Net: NetName=PWMIN_7 Pin=P1-9
Added Net: Name=PWMIN_7
Added Pin To Net: NetName=PWMIN_8 Pin=P1-10
Added Net: Name=PWMIN_8
Added Pin To Net: NetName=PWMOUT_1 Pin=H1-1
Added Net: Name=PWMOUT_1
Added Pin To Net: NetName=PWMOUT_2 Pin=H1-2
Added Net: Name=PWMOUT_2
Added Pin To Net: NetName=PWMOUT_3 Pin=H1-3
Added Net: Name=PWMOUT_3
Added Pin To Net: NetName=PWMOUT_4 Pin=H1-4
Added Net: Name=PWMOUT_4
Added Pin To Net: NetName=SPI1_CLK Pin=U15-30
Added Pin To Net: NetName=SPI1_CLK Pin=W1-6
Added Net: Name=SPI1_CLK
Added Pin To Net: NetName=SPI1_MISO Pin=U15-31
Added Pin To Net: NetName=SPI1_MISO Pin=W1-2
Added Net: Name=SPI1_MISO
Added Pin To Net: NetName=SPI1_MOSI Pin=U15-32
Added Pin To Net: NetName=SPI1_MOSI Pin=W1-5
Added Net: Name=SPI1_MOSI
Added Pin To Net: NetName=SPI1_NSS Pin=R20-1
Added Pin To Net: NetName=SPI1_NSS Pin=U15-29
Added Pin To Net: NetName=SPI1_NSS Pin=W1-1
Added Net: Name=SPI1_NSS
Added Pin To Net: NetName=SPI2_CLK Pin=H4-6
Added Pin To Net: NetName=SPI2_CLK Pin=U15-52
Added Net: Name=SPI2_CLK
Added Pin To Net: NetName=SPI2_CS1 Pin=H4-3
Added Pin To Net: NetName=SPI2_CS1 Pin=U15-81
Added Net: Name=SPI2_CS1
Added Pin To Net: NetName=SPI2_CS2 Pin=H4-2
Added Pin To Net: NetName=SPI2_CS2 Pin=U15-78
Added Net: Name=SPI2_CS2
Added Pin To Net: NetName=SPI2_CS3 Pin=H4-1
Added Pin To Net: NetName=SPI2_CS3 Pin=U15-79
Added Net: Name=SPI2_CS3
Added Pin To Net: NetName=SPI2_MISO Pin=H4-4
Added Pin To Net: NetName=SPI2_MISO Pin=U15-53
Added Net: Name=SPI2_MISO
Added Pin To Net: NetName=SPI2_MOSI Pin=H4-5
Added Pin To Net: NetName=SPI2_MOSI Pin=U15-54
Added Net: Name=SPI2_MOSI
Added Pin To Net: NetName=SPI2_NSS Pin=U15-51
Added Net: Name=SPI2_NSS
Added Pin To Net: NetName=SWCLK_I Pin=U10-2
Added Net: Name=SWCLK_I
Added Pin To Net: NetName=SWCLK Pin=U15-76
Added Net: Name=SWCLK
Added Pin To Net: NetName=SWDIO_I Pin=U10-4
Added Net: Name=SWDIO_I
Added Pin To Net: NetName=SWDIO Pin=U15-72
Added Net: Name=SWDIO
Added Pin To Net: NetName=TIM1_CH1 Pin=U15-40
Added Net: Name=TIM1_CH1
Added Pin To Net: NetName=TIM1_CH2 Pin=U15-42
Added Net: Name=TIM1_CH2
Added Pin To Net: NetName=TIM1_CH3 Pin=U15-44
Added Net: Name=TIM1_CH3
Added Pin To Net: NetName=TIM1_CH4 Pin=U15-45
Added Net: Name=TIM1_CH4
Added Pin To Net: NetName=TIM3_CH1 Pin=U15-63
Added Net: Name=TIM3_CH1
Added Pin To Net: NetName=TIM3_CH2 Pin=U15-64
Added Net: Name=TIM3_CH2
Added Pin To Net: NetName=TIM3_CH3 Pin=U15-35
Added Net: Name=TIM3_CH3
Added Pin To Net: NetName=TIM3_CH4 Pin=U15-36
Added Net: Name=TIM3_CH4
Added Pin To Net: NetName=TIM4_CH1 Pin=U15-59
Added Net: Name=TIM4_CH1
Added Pin To Net: NetName=TIM4_CH2 Pin=U15-60
Added Net: Name=TIM4_CH2
Added Pin To Net: NetName=TIM4_CH3 Pin=U15-61
Added Net: Name=TIM4_CH3
Added Pin To Net: NetName=TIM4_CH4 Pin=U15-62
Added Net: Name=TIM4_CH4
Added Pin To Net: NetName=USART1_RX_I Pin=U3-4
Added Net: Name=USART1_RX_I
Added Pin To Net: NetName=USART1_RX Pin=U15-69
Added Net: Name=USART1_RX
Added Pin To Net: NetName=USART1_TX_I Pin=U3-3
Added Net: Name=USART1_TX_I
Added Pin To Net: NetName=USART1_TX Pin=U15-68
Added Net: Name=USART1_TX
Added Pin To Net: NetName=USART2_RX_I Pin=U4-4
Added Net: Name=USART2_RX_I
Added Pin To Net: NetName=USART2_RX Pin=U15-87
Added Net: Name=USART2_RX
Added Pin To Net: NetName=USART2_TX_I Pin=U4-3
Added Net: Name=USART2_TX_I
Added Pin To Net: NetName=USART2_TX Pin=U15-86
Added Net: Name=USART2_TX
Added Pin To Net: NetName=USART3_RX_I Pin=U5-4
Added Net: Name=USART3_RX_I
Added Pin To Net: NetName=USART3_RX Pin=U15-48
Added Net: Name=USART3_RX
Added Pin To Net: NetName=USART3_TX_I Pin=U5-3
Added Net: Name=USART3_TX_I
Added Pin To Net: NetName=USART3_TX Pin=U15-47
Added Net: Name=USART3_TX
Added Pin To Net: NetName=USART4_RX_I Pin=U6-4
Added Net: Name=USART4_RX_I
Added Pin To Net: NetName=USART4_RX Pin=U15-24
Added Net: Name=USART4_RX
Added Pin To Net: NetName=USART4_TX_I Pin=U6-3
Added Net: Name=USART4_TX_I
Added Pin To Net: NetName=USART4_TX Pin=U15-23
Added Net: Name=USART4_TX
Added Pin To Net: NetName=USART5_RX_I Pin=U7-4
Added Net: Name=USART5_RX_I
Added Pin To Net: NetName=USART5_RX Pin=U15-83
Added Net: Name=USART5_RX
Added Pin To Net: NetName=USART5_TX_I Pin=U7-3
Added Net: Name=USART5_TX_I
Added Pin To Net: NetName=USART5_TX Pin=U15-80
Added Net: Name=USART5_TX
Added Pin To Net: NetName=VCC_2S~6S Pin=D2-1
Added Pin To Net: NetName=VCC_2S~6S Pin=R4-1
Added Pin To Net: NetName=VCC_2S~6S Pin=U8-1
Added Pin To Net: NetName=VCC_2S~6S Pin=U8-2
Added Net: Name=VCC_2S~6S
Added Pin To Net: NetName=VCC_3.3V Pin=C5-2
Added Pin To Net: NetName=VCC_3.3V Pin=C9-1
Added Pin To Net: NetName=VCC_3.3V Pin=C10-1
Added Pin To Net: NetName=VCC_3.3V Pin=C11-1
Added Pin To Net: NetName=VCC_3.3V Pin=C12-1
Added Pin To Net: NetName=VCC_3.3V Pin=C13-1
Added Pin To Net: NetName=VCC_3.3V Pin=C14-1
Added Pin To Net: NetName=VCC_3.3V Pin=C15-1
Added Pin To Net: NetName=VCC_3.3V Pin=C16-1
Added Pin To Net: NetName=VCC_3.3V Pin=R7-1
Added Pin To Net: NetName=VCC_3.3V Pin=R20-2
Added Pin To Net: NetName=VCC_3.3V Pin=R31-2
Added Pin To Net: NetName=VCC_3.3V Pin=U10-1
Added Pin To Net: NetName=VCC_3.3V Pin=U11-5
Added Pin To Net: NetName=VCC_3.3V Pin=U15-6
Added Pin To Net: NetName=VCC_3.3V Pin=U15-11
Added Pin To Net: NetName=VCC_3.3V Pin=U15-19
Added Pin To Net: NetName=VCC_3.3V Pin=U15-21
Added Pin To Net: NetName=VCC_3.3V Pin=U15-22
Added Pin To Net: NetName=VCC_3.3V Pin=U15-28
Added Pin To Net: NetName=VCC_3.3V Pin=U15-50
Added Pin To Net: NetName=VCC_3.3V Pin=U15-75
Added Pin To Net: NetName=VCC_3.3V Pin=U15-100
Added Pin To Net: NetName=VCC_3.3V Pin=W1-3
Added Pin To Net: NetName=VCC_3.3V Pin=W1-7
Added Pin To Net: NetName=VCC_3.3V Pin=W1-8
Added Net: Name=VCC_3.3V
Added Pin To Net: NetName=VCC_5.0V Pin=D1-2
Added Pin To Net: NetName=VCC_5.0V Pin=H2-1
Added Pin To Net: NetName=VCC_5.0V Pin=H2-2
Added Pin To Net: NetName=VCC_5.0V Pin=H2-3
Added Pin To Net: NetName=VCC_5.0V Pin=H2-4
Added Pin To Net: NetName=VCC_5.0V Pin=H4-8
Added Pin To Net: NetName=VCC_5.0V Pin=P1-2
Added Pin To Net: NetName=VCC_5.0V Pin=U2-1
Added Pin To Net: NetName=VCC_5.0V Pin=U3-1
Added Pin To Net: NetName=VCC_5.0V Pin=U5-1
Added Pin To Net: NetName=VCC_5.0V Pin=U6-1
Added Pin To Net: NetName=VCC_5.0V Pin=U7-1
Added Pin To Net: NetName=VCC_5.0V Pin=U9-2
Added Pin To Net: NetName=VCC_5.0V Pin=U11-1
Added Pin To Net: NetName=VCC_5.0V Pin=U11-3
Added Net: Name=VCC_5.0V
Added Pin To Net: NetName=VCC_IN Pin=D2-2
Added Pin To Net: NetName=VCC_IN Pin=T1-1
Added Pin To Net: NetName=VCC_IN Pin=U1-7
Added Net: Name=VCC_IN
Added Member To Class: ClassName=·É¿Ø°å2 Member=Component C1 10nf50v
Added Member To Class: ClassName=·É¿Ø°å2 Member=Component C2 0.1uf50v
Added Member To Class: ClassName=·É¿Ø°å2 Member=Component C5 1uf10v
Added Member To Class: ClassName=·É¿Ø°å2 Member=Component C6 0.1uf50v
Added Member To Class: ClassName=·É¿Ø°å2 Member=Component C7 0.1uf50v
Added Member To Class: ClassName=·É¿Ø°å2 Member=Component C8 0.1uf50v
Added Member To Class: ClassName=·É¿Ø°å2 Member=Component C9 0.1uf50v
Added Member To Class: ClassName=·É¿Ø°å2 Member=Component C10 0.1uf50v
Added Member To Class: ClassName=·É¿Ø°å2 Member=Component C11 0.1uf50v
Added Member To Class: ClassName=·É¿Ø°å2 Member=Component C12 0.1uf50v
Added Member To Class: ClassName=·É¿Ø°å2 Member=Component C13 0.1uf50v
Added Member To Class: ClassName=·É¿Ø°å2 Member=Component C14 0.1uf50v
Added Member To Class: ClassName=·É¿Ø°å2 Member=Component C15 0.1uf50v
Added Member To Class: ClassName=·É¿Ø°å2 Member=Component C16 0.1uf50v
Added Member To Class: ClassName=·É¿Ø°å2 Member=Component D1 1N5819
Added Member To Class: ClassName=·É¿Ø°å2 Member=Component D2 1N5819
Added Member To Class: ClassName=·É¿Ø°å2 Member=Component D3 1N5819
Added Member To Class: ClassName=·É¿Ø°å2 Member=Component H1 Header 4
Added Member To Class: ClassName=·É¿Ø°å2 Member=Component H2 Header 4
Added Member To Class: ClassName=·É¿Ø°å2 Member=Component H3 Header 4
Added Member To Class: ClassName=·É¿Ø°å2 Member=Component H4 Header 8
Added Member To Class: ClassName=·É¿Ø°å2 Member=Component L1 CD54-22UH2A
Added Member To Class: ClassName=·É¿Ø°å2 Member=Component LED1 
Added Member To Class: ClassName=·É¿Ø°å2 Member=Component P1 SH1.0-10P
Added Member To Class: ClassName=·É¿Ø°å2 Member=Component R2 50K
Added Member To Class: ClassName=·É¿Ø°å2 Member=Component R3 15K
Added Member To Class: ClassName=·É¿Ø°å2 Member=Component R4 10K
Added Member To Class: ClassName=·É¿Ø°å2 Member=Component R5 1K
Added Member To Class: ClassName=·É¿Ø°å2 Member=Component R6 1K
Added Member To Class: ClassName=·É¿Ø°å2 Member=Component R7 1K
Added Member To Class: ClassName=·É¿Ø°å2 Member=Component R8 10K
Added Member To Class: ClassName=·É¿Ø°å2 Member=Component R9 1K
Added Member To Class: ClassName=·É¿Ø°å2 Member=Component R10 50R
Added Member To Class: ClassName=·É¿Ø°å2 Member=Component R18 10K
Added Member To Class: ClassName=·É¿Ø°å2 Member=Component R19 10K
Added Member To Class: ClassName=·É¿Ø°å2 Member=Component R20 4.3K
Added Member To Class: ClassName=·É¿Ø°å2 Member=Component R25 50R
Added Member To Class: ClassName=·É¿Ø°å2 Member=Component R26 50R
Added Member To Class: ClassName=·É¿Ø°å2 Member=Component R27 1K
Added Member To Class: ClassName=·É¿Ø°å2 Member=Component R28 10K
Added Member To Class: ClassName=·É¿Ø°å2 Member=Component R29 10K
Added Member To Class: ClassName=·É¿Ø°å2 Member=Component R30 1K
Added Member To Class: ClassName=·É¿Ø°å2 Member=Component R31 10K
Added Member To Class: ClassName=·É¿Ø°å2 Member=Component RGB¡ª_LED RGB
Added Member To Class: ClassName=·É¿Ø°å2 Member=Component S1 SW3*6
Added Member To Class: ClassName=·É¿Ø°å2 Member=Component T1 100UF25V
Added Member To Class: ClassName=·É¿Ø°å2 Member=Component T2 47UF16V
Added Member To Class: ClassName=·É¿Ø°å2 Member=Component T3 47UF16V
Added Member To Class: ClassName=·É¿Ø°å2 Member=Component  Q3
Added Member To Class: ClassName=·É¿Ø°å2 Member=Component U1 TPS5430
Added Member To Class: ClassName=·É¿Ø°å2 Member=Component U2 ANO-USB
Added Member To Class: ClassName=·É¿Ø°å2 Member=Component U3 USART1
Added Member To Class: ClassName=·É¿Ø°å2 Member=Component U4 USART2
Added Member To Class: ClassName=·É¿Ø°å2 Member=Component U5 USART3
Added Member To Class: ClassName=·É¿Ø°å2 Member=Component U6 USART4
Added Member To Class: ClassName=·É¿Ø°å2 Member=Component U7 USART5
Added Member To Class: ClassName=·É¿Ø°å2 Member=Component U8 
Added Member To Class: ClassName=·É¿Ø°å2 Member=Component U9 PPM
Added Member To Class: ClassName=·É¿Ø°å2 Member=Component U10 SWD
Added Member To Class: ClassName=·É¿Ø°å2 Member=Component U11 MIC5219
Added Member To Class: ClassName=·É¿Ø°å2 Member=Component U15 
Added Member To Class: ClassName=·É¿Ø°å2 Member=Component W1 W25Q32
