Change Component Comment : Designator= Old Comment=Q1 New Comment=
Change Component Comment : Designator= Old Comment=Q2 New Comment=
Change Component Comment : Designator= Old Comment=Q3 New Comment=
Change Component Designator: OldDesignator= NewDesignator=Q1
Change Component Designator: OldDesignator= NewDesignator=Q2
Change Component Designator: OldDesignator= NewDesignator=Q3
Change Net Name : Old Net Name=Net_1 New Net Name=NetQ3_1
Change Net Name : Old Net Name=Net_2 New Net Name=NetQ3_2
Change Net Name : Old Net Name=Net_3 New Net Name=NetQ3_3
Added Pin To Net: NetName=NetQ1_1 Pin=Q1-1
Added Pin To Net: NetName=NetQ1_1 Pin=R8-1
Added Pin To Net: NetName=NetQ1_1 Pin=R9-2
Added Net: Name=NetQ1_1
Added Pin To Net: NetName=NetQ1_2 Pin=Q1-2
Added Pin To Net: NetName=NetQ1_2 Pin=R8-2
Added Net: Name=NetQ1_2
Added Pin To Net: NetName=NetQ1_3 Pin=Q1-3
Added Pin To Net: NetName=NetQ1_3 Pin=R26-2
Added Net: Name=NetQ1_3
Added Pin To Net: NetName=NetQ2_1 Pin=Q2-1
Added Pin To Net: NetName=NetQ2_1 Pin=R27-2
Added Pin To Net: NetName=NetQ2_1 Pin=R28-1
Added Net: Name=NetQ2_1
Added Pin To Net: NetName=NetQ2_2 Pin=Q2-2
Added Pin To Net: NetName=NetQ2_2 Pin=R28-2
Added Net: Name=NetQ2_2
Added Pin To Net: NetName=NetQ2_3 Pin=Q2-3
Added Pin To Net: NetName=NetQ2_3 Pin=R25-2
Added Net: Name=NetQ2_3
Added Member To Class: ClassName=·É¿Ø°å2 Member=Component Q1 
Added Member To Class: ClassName=·É¿Ø°å2 Member=Component Q2 
Added Member To Class: ClassName=·É¿Ø°å2 Member=Component Q3 
