Removed Pin From Net: NetName=Net_1 Pin=-1
Removed Pin From Net: NetName=Net_2 Pin=-2
Removed Pin From Net: NetName=Net_3 Pin=-3
Removed Pin From Net: NetName=LED_3 Pin=U15-1
Removed Pin From Net: NetName=VCC_3.3V Pin=U15-6
Removed Pin From Net: NetName=GND Pin=U15-10
Removed Pin From Net: NetName=VCC_3.3V Pin=U15-11
Removed Pin From Net: NetName=NetC8_1 Pin=U15-14
Removed Pin From Net: NetName=VCC_3.3V Pin=U15-19
Removed Pin From Net: NetName=GND Pin=U15-20
Removed Pin From Net: NetName=VCC_3.3V Pin=U15-21
Removed Pin From Net: NetName=VCC_3.3V Pin=U15-22
Removed Pin From Net: NetName=USART4_TX Pin=U15-23
Removed Pin From Net: NetName=USART4_RX Pin=U15-24
Removed Pin From Net: NetName=GND Pin=U15-27
Removed Pin From Net: NetName=VCC_3.3V Pin=U15-28
Removed Pin From Net: NetName=SPI1_NSS Pin=U15-29
Removed Pin From Net: NetName=SPI1_CLK Pin=U15-30
Removed Pin From Net: NetName=SPI1_MISO Pin=U15-31
Removed Pin From Net: NetName=SPI1_MOSI Pin=U15-32
Removed Pin From Net: NetName=POWER_INPUT Pin=U15-34
Removed Pin From Net: NetName=TIM3_CH3 Pin=U15-35
Removed Pin From Net: NetName=TIM3_CH4 Pin=U15-36
Removed Pin From Net: NetName=BOOT1 Pin=U15-37
Removed Pin From Net: NetName=TIM1_CH1 Pin=U15-40
Removed Pin From Net: NetName=TIM1_CH2 Pin=U15-42
Removed Pin From Net: NetName=TIM1_CH3 Pin=U15-44
Removed Pin From Net: NetName=TIM1_CH4 Pin=U15-45
Removed Pin From Net: NetName=USART3_TX Pin=U15-47
Removed Pin From Net: NetName=USART3_RX Pin=U15-48
Removed Pin From Net: NetName=NetC6_2 Pin=U15-49
Removed Pin From Net: NetName=VCC_3.3V Pin=U15-50
Removed Pin From Net: NetName=SPI2_NSS Pin=U15-51
Removed Pin From Net: NetName=SPI2_CLK Pin=U15-52
Removed Pin From Net: NetName=SPI2_MISO Pin=U15-53
Removed Pin From Net: NetName=SPI2_MOSI Pin=U15-54
Removed Pin From Net: NetName=TIM4_CH1 Pin=U15-59
Removed Pin From Net: NetName=TIM4_CH2 Pin=U15-60
Removed Pin From Net: NetName=TIM4_CH3 Pin=U15-61
Removed Pin From Net: NetName=TIM4_CH4 Pin=U15-62
Removed Pin From Net: NetName=TIM3_CH1 Pin=U15-63
Removed Pin From Net: NetName=TIM3_CH2 Pin=U15-64
Removed Pin From Net: NetName=USART1_TX Pin=U15-68
Removed Pin From Net: NetName=USART1_RX Pin=U15-69
Removed Pin From Net: NetName=OTG_FS_DM Pin=U15-70
Removed Pin From Net: NetName=OTG_FS_DP Pin=U15-71
Removed Pin From Net: NetName=SWDIO Pin=U15-72
Removed Pin From Net: NetName=NetC7_2 Pin=U15-73
Removed Pin From Net: NetName=GND Pin=U15-74
Removed Pin From Net: NetName=VCC_3.3V Pin=U15-75
Removed Pin From Net: NetName=SWCLK Pin=U15-76
Removed Pin From Net: NetName=SPI2_CS2 Pin=U15-78
Removed Pin From Net: NetName=SPI2_CS3 Pin=U15-79
Removed Pin From Net: NetName=USART5_TX Pin=U15-80
Removed Pin From Net: NetName=SPI2_CS1 Pin=U15-81
Removed Pin From Net: NetName=USART5_RX Pin=U15-83
Removed Pin From Net: NetName=USART2_TX Pin=U15-86
Removed Pin From Net: NetName=USART2_RX Pin=U15-87
Removed Pin From Net: NetName=NetR19_2 Pin=U15-94
Removed Pin From Net: NetName=LED_1 Pin=U15-97
Removed Pin From Net: NetName=LED_2 Pin=U15-98
Removed Pin From Net: NetName=GND Pin=U15-99
Removed Pin From Net: NetName=VCC_3.3V Pin=U15-100
Removed Member From Class: ClassName=·É¿Ø°å2 Member=U15
Added Component: Designator=U?(STM32F407VGT6-ANO)
Added Pin To Net: NetName=Net_1 Pin=-1
Added Pin To Net: NetName=Net_2 Pin=-2
Added Pin To Net: NetName=Net_3 Pin=-3
Added Pin To Net: NetName=LED_3 Pin=U?-1
Added Pin To Net: NetName=VCC_3.3V Pin=U?-6
Added Pin To Net: NetName=GND Pin=U?-10
Added Pin To Net: NetName=VCC_3.3V Pin=U?-11
Added Pin To Net: NetName=NetC8_1 Pin=U?-14
Added Pin To Net: NetName=VCC_3.3V Pin=U?-19
Added Pin To Net: NetName=GND Pin=U?-20
Added Pin To Net: NetName=VCC_3.3V Pin=U?-21
Added Pin To Net: NetName=VCC_3.3V Pin=U?-22
Added Pin To Net: NetName=USART4_TX Pin=U?-23
Added Pin To Net: NetName=USART4_RX Pin=U?-24
Added Pin To Net: NetName=GND Pin=U?-27
Added Pin To Net: NetName=VCC_3.3V Pin=U?-28
Added Pin To Net: NetName=SPI1_NSS Pin=U?-29
Added Pin To Net: NetName=SPI1_CLK Pin=U?-30
Added Pin To Net: NetName=SPI1_MISO Pin=U?-31
Added Pin To Net: NetName=SPI1_MOSI Pin=U?-32
Added Pin To Net: NetName=POWER_INPUT Pin=U?-34
Added Pin To Net: NetName=TIM3_CH3 Pin=U?-35
Added Pin To Net: NetName=TIM3_CH4 Pin=U?-36
Added Pin To Net: NetName=BOOT1 Pin=U?-37
Added Pin To Net: NetName=TIM1_CH1 Pin=U?-40
Added Pin To Net: NetName=TIM1_CH2 Pin=U?-42
Added Pin To Net: NetName=TIM1_CH3 Pin=U?-44
Added Pin To Net: NetName=TIM1_CH4 Pin=U?-45
Added Pin To Net: NetName=USART3_TX Pin=U?-47
Added Pin To Net: NetName=USART3_RX Pin=U?-48
Added Pin To Net: NetName=NetC6_2 Pin=U?-49
Added Pin To Net: NetName=VCC_3.3V Pin=U?-50
Added Pin To Net: NetName=SPI2_NSS Pin=U?-51
Added Pin To Net: NetName=SPI2_CLK Pin=U?-52
Added Pin To Net: NetName=SPI2_MISO Pin=U?-53
Added Pin To Net: NetName=SPI2_MOSI Pin=U?-54
Added Pin To Net: NetName=TIM4_CH1 Pin=U?-59
Added Pin To Net: NetName=TIM4_CH2 Pin=U?-60
Added Pin To Net: NetName=TIM4_CH3 Pin=U?-61
Added Pin To Net: NetName=TIM4_CH4 Pin=U?-62
Added Pin To Net: NetName=TIM3_CH1 Pin=U?-63
Added Pin To Net: NetName=TIM3_CH2 Pin=U?-64
Added Pin To Net: NetName=USART1_TX Pin=U?-68
Added Pin To Net: NetName=USART1_RX Pin=U?-69
Added Pin To Net: NetName=OTG_FS_DM Pin=U?-70
Added Pin To Net: NetName=OTG_FS_DP Pin=U?-71
Added Pin To Net: NetName=SWDIO Pin=U?-72
Added Pin To Net: NetName=NetC7_2 Pin=U?-73
Added Pin To Net: NetName=GND Pin=U?-74
Added Pin To Net: NetName=VCC_3.3V Pin=U?-75
Added Pin To Net: NetName=SWCLK Pin=U?-76
Added Pin To Net: NetName=SPI2_CS2 Pin=U?-78
Added Pin To Net: NetName=SPI2_CS3 Pin=U?-79
Added Pin To Net: NetName=USART5_TX Pin=U?-80
Added Pin To Net: NetName=SPI2_CS1 Pin=U?-81
Added Pin To Net: NetName=USART5_RX Pin=U?-83
Added Pin To Net: NetName=USART2_TX Pin=U?-86
Added Pin To Net: NetName=USART2_RX Pin=U?-87
Added Pin To Net: NetName=NetR19_2 Pin=U?-94
Added Pin To Net: NetName=LED_1 Pin=U?-97
Added Pin To Net: NetName=LED_2 Pin=U?-98
Added Pin To Net: NetName=GND Pin=U?-99
Added Pin To Net: NetName=VCC_3.3V Pin=U?-100
Added Pin To Net: NetName=NetU?_12 Pin=U?-12
Added Net: Name=NetU?_12
Added Pin To Net: NetName=NetU?_13 Pin=U?-13
Added Net: Name=NetU?_13
Added Member To Class: ClassName=·É¿Ø°å2 Member=Component U?
