Removed Pin From Net: NetName=USART1_TX Pin=R11-1
Removed Pin From Net: NetName=USART1_RX Pin=R11-2
Removed Pin From Net: NetName=USART2_TX Pin=R11-3
Removed Pin From Net: NetName=USART2_RX Pin=R11-4
Removed Pin From Net: NetName=USART3_TX Pin=R12-1
Removed Pin From Net: NetName=USART3_RX Pin=R12-2
Removed Pin From Net: NetName=TIM8_CH3 Pin=R12-3
Removed Pin From Net: NetName=TIM8_CH4 Pin=R12-4
Removed Pin From Net: NetName=TIM1_CH1 Pin=R13-1
Removed Pin From Net: NetName=TIM1_CH2 Pin=R13-2
Removed Pin From Net: NetName=TIM1_CH3 Pin=R13-3
Removed Pin From Net: NetName=TIM1_CH4 Pin=R13-4
Removed Pin From Net: NetName=TIM5_CH3 Pin=R14-1
Removed Pin From Net: NetName=TIM5_CH4 Pin=R14-2
Removed Pin From Net: NetName=USART4_TX Pin=R14-3
Removed Pin From Net: NetName=USART4_RX Pin=R14-4
Removed Pin From Net: NetName=USART5_TX Pin=R15-1
Removed Pin From Net: NetName=USART5_RX Pin=R15-2
Removed Pin From Net: NetName=SWDIO Pin=R15-3
Removed Pin From Net: NetName=SWCLK Pin=R15-4
Removed Pin From Net: NetName=TIM3_CH1 Pin=R16-1
Removed Pin From Net: NetName=TIM3_CH2 Pin=R16-2
Removed Pin From Net: NetName=TIM3_CH3 Pin=R16-3
Removed Pin From Net: NetName=TIM3_CH4 Pin=R16-4
Removed Pin From Net: NetName=TIM4_CH1 Pin=R17-1
Removed Pin From Net: NetName=TIM4_CH2 Pin=R17-2
Removed Pin From Net: NetName=TIM4_CH3 Pin=R17-3
Removed Pin From Net: NetName=TIM4_CH4 Pin=R17-4
Change Component Footprint: Designator=C1 Old Footprint=0805R New Footprint=2512C
Added Pin To Net: NetName=USART2_RX Pin=R11-1
Added Pin To Net: NetName=USART2_TX Pin=R11-2
Added Pin To Net: NetName=USART1_RX Pin=R11-3
Added Pin To Net: NetName=USART1_TX Pin=R11-4
Added Pin To Net: NetName=TIM8_CH4 Pin=R12-1
Added Pin To Net: NetName=TIM8_CH3 Pin=R12-2
Added Pin To Net: NetName=USART3_RX Pin=R12-3
Added Pin To Net: NetName=USART3_TX Pin=R12-4
Added Pin To Net: NetName=TIM1_CH4 Pin=R13-1
Added Pin To Net: NetName=TIM1_CH3 Pin=R13-2
Added Pin To Net: NetName=TIM1_CH2 Pin=R13-3
Added Pin To Net: NetName=TIM1_CH1 Pin=R13-4
Added Pin To Net: NetName=USART4_RX Pin=R14-1
Added Pin To Net: NetName=USART4_TX Pin=R14-2
Added Pin To Net: NetName=TIM5_CH4 Pin=R14-3
Added Pin To Net: NetName=TIM5_CH3 Pin=R14-4
Added Pin To Net: NetName=SWCLK Pin=R15-1
Added Pin To Net: NetName=SWDIO Pin=R15-2
Added Pin To Net: NetName=USART5_RX Pin=R15-3
Added Pin To Net: NetName=USART5_TX Pin=R15-4
Added Pin To Net: NetName=TIM3_CH4 Pin=R16-1
Added Pin To Net: NetName=TIM3_CH3 Pin=R16-2
Added Pin To Net: NetName=TIM3_CH2 Pin=R16-3
Added Pin To Net: NetName=TIM3_CH1 Pin=R16-4
Added Pin To Net: NetName=TIM4_CH4 Pin=R17-1
Added Pin To Net: NetName=TIM4_CH3 Pin=R17-2
Added Pin To Net: NetName=TIM4_CH2 Pin=R17-3
Added Pin To Net: NetName=TIM4_CH1 Pin=R17-4
