Removed Pin From Net: NetName=NetC1_1 Pin=C1-1
Removed Pin From Net: NetName=GND Pin=T1-1
Removed Pin From Net: NetName=VCC_IN Pin=T1-2
Removed Pin From Net: NetName=GND Pin=T2-1
Removed Pin From Net: NetName=NetD1_1 Pin=T2-2
Removed Pin From Net: NetName=GND Pin=T3-1
Removed Pin From Net: NetName=NetD1_1 Pin=T3-2
Removed Pin From Net: NetName=GND Pin=T4-1
Removed Pin From Net: NetName=VCC_3.3V Pin=T4-2
Change Component DesignItemId : Designator=C1 Old DesignItemId=Cap_2512 New DesignItemId=CAP
Change Component DesignItemId : Designator=T1 Old DesignItemId=Cap_2512 New DesignItemId=CAP
Change Component DesignItemId : Designator=T2 Old DesignItemId=Cap_2512 New DesignItemId=CAP
Change Component DesignItemId : Designator=T3 Old DesignItemId=Cap_2512 New DesignItemId=CAP
Change Component DesignItemId : Designator=T4 Old DesignItemId=Cap_2512 New DesignItemId=CAP
Change Component Footprint: Designator=C1 Old Footprint=2512C New Footprint=0805C
Change Component Footprint: Designator=T1 Old Footprint=2512C New Footprint=0805C
Change Component Footprint: Designator=T2 Old Footprint=2512C New Footprint=0805C
Change Component Footprint: Designator=T3 Old Footprint=2512C New Footprint=0805C
Change Component Footprint: Designator=T4 Old Footprint=2512C New Footprint=0805C
Added Pin To Net: NetName=NetC1_1 Pin=C1-2
Added Pin To Net: NetName=VCC_IN Pin=T1-1
Added Pin To Net: NetName=GND Pin=T1-2
Added Pin To Net: NetName=NetD1_1 Pin=T2-1
Added Pin To Net: NetName=GND Pin=T2-2
Added Pin To Net: NetName=NetD1_1 Pin=T3-1
Added Pin To Net: NetName=GND Pin=T3-2
Added Pin To Net: NetName=VCC_3.3V Pin=T4-1
Added Pin To Net: NetName=GND Pin=T4-2
Change Net Name : Old Net Name=NetC1_1 New Net Name=NetC1_2
Added Pin To Net: NetName=NetC1_1 Pin=C1-1
Added Pin To Net: NetName=NetC1_1 Pin=U1-1
Added Net: Name=NetC1_1
