Removed Member From Class: ClassName=·É¿Ø°å Member=R100
Change Component DesignItemId : Designator=R12 Old DesignItemId=ANO-1K-ÅÅ×è New DesignItemId=1k0603
Change Component DesignItemId : Designator=R13 Old DesignItemId=ANO-1K-ÅÅ×è New DesignItemId=1k0603
Change Component DesignItemId : Designator=R14 Old DesignItemId=ANO-1K-ÅÅ×è New DesignItemId=1k0603
Change Component DesignItemId : Designator=R15 Old DesignItemId=ANO-1K-ÅÅ×è New DesignItemId=1k0603
Change Component DesignItemId : Designator=R16 Old DesignItemId=ANO-1K-ÅÅ×è New DesignItemId=1k0603
Change Component DesignItemId : Designator=R17 Old DesignItemId=ANO-1K-ÅÅ×è New DesignItemId=1k0603
Change Component Footprint: Designator=C1 Old Footprint=0805L New Footprint=2512C
Change Component Footprint: Designator=R12 Old Footprint=ANO-1K-ÅÅ×è New Footprint=1k0603
Change Component Footprint: Designator=R13 Old Footprint=ANO-1K-ÅÅ×è New Footprint=1k0603
Change Component Footprint: Designator=R14 Old Footprint=ANO-1K-ÅÅ×è New Footprint=1k0603
Change Component Footprint: Designator=R15 Old Footprint=ANO-1K-ÅÅ×è New Footprint=1k0603
Change Component Footprint: Designator=R16 Old Footprint=ANO-1K-ÅÅ×è New Footprint=1k0603
Change Component Footprint: Designator=R17 Old Footprint=ANO-1K-ÅÅ×è New Footprint=1k0603
Change Component Comment : Designator=R12 Old Comment=ANO-1K-ÅÅ×è New Comment=1k0603
Change Component Comment : Designator=R13 Old Comment=ANO-1K-ÅÅ×è New Comment=1k0603
Change Component Comment : Designator=R14 Old Comment=ANO-1K-ÅÅ×è New Comment=1k0603
Change Component Comment : Designator=R15 Old Comment=ANO-1K-ÅÅ×è New Comment=1k0603
Change Component Comment : Designator=R16 Old Comment=ANO-1K-ÅÅ×è New Comment=1k0603
Change Component Comment : Designator=R17 Old Comment=ANO-1K-ÅÅ×è New Comment=1k0603
Change Component Designator: OldDesignator=R100 NewDesignator=R11
Added Member To Class: ClassName=·É¿Ø°å Member=Component H4 Header 8
Added Member To Class: ClassName=·É¿Ø°å Member=Component P1 SH1.0-10P
Added Member To Class: ClassName=·É¿Ø°å Member=Component U2 ANO-USB
Added Member To Class: ClassName=·É¿Ø°å Member=Component U3 USART1
Added Member To Class: ClassName=·É¿Ø°å Member=Component U4 USART2
Added Member To Class: ClassName=·É¿Ø°å Member=Component U5 USART3
Added Member To Class: ClassName=·É¿Ø°å Member=Component U6 USART4
Added Member To Class: ClassName=·É¿Ø°å Member=Component U7 USART5
Added Member To Class: ClassName=·É¿Ø°å Member=Component U8 
Added Member To Class: ClassName=·É¿Ø°å Member=Component U9 PPM
Added Member To Class: ClassName=·É¿Ø°å Member=Component U10 SWD
