Removed Pin From Net: NetName=PWMOUT_7 Pin=R12-5
Removed Pin From Net: NetName=PWMOUT_8 Pin=R12-6
Removed Pin From Net: NetName=USART3_RX_I Pin=R12-7
Removed Pin From Net: NetName=USART3_TX_I Pin=R12-8
Removed Pin From Net: NetName=PWMOUT_1 Pin=R13-5
Removed Pin From Net: NetName=PWMOUT_2 Pin=R13-6
Removed Pin From Net: NetName=PWMOUT_3 Pin=R13-7
Removed Pin From Net: NetName=PWMOUT_4 Pin=R13-8
Removed Pin From Net: NetName=USART4_RX_I Pin=R14-5
Removed Pin From Net: NetName=USART4_TX_I Pin=R14-6
Removed Pin From Net: NetName=PWMOUT_5 Pin=R14-7
Removed Pin From Net: NetName=PWMOUT_6 Pin=R14-8
Removed Pin From Net: NetName=SWCLK_I Pin=R15-5
Removed Pin From Net: NetName=SWDIO_I Pin=R15-6
Removed Pin From Net: NetName=USART5_RX_I Pin=R15-7
Removed Pin From Net: NetName=USART5_TX_I Pin=R15-8
Removed Pin From Net: NetName=PWMIN_4 Pin=R16-5
Removed Pin From Net: NetName=PWMIN_3 Pin=R16-6
Removed Pin From Net: NetName=PWMIN_2 Pin=R16-7
Removed Pin From Net: NetName=PPM_IN Pin=R16-8
Removed Pin From Net: NetName=PWMIN_8 Pin=R17-5
Removed Pin From Net: NetName=PWMIN_7 Pin=R17-6
Removed Pin From Net: NetName=PWMIN_6 Pin=R17-7
Removed Pin From Net: NetName=PWMIN_5 Pin=R17-8
Added Pin To Net: NetName=USART3_TX_I Pin=R12-5
Added Pin To Net: NetName=USART3_RX_I Pin=R12-6
Added Pin To Net: NetName=PWMOUT_8 Pin=R12-7
Added Pin To Net: NetName=PWMOUT_7 Pin=R12-8
Added Pin To Net: NetName=PWMOUT_4 Pin=R13-5
Added Pin To Net: NetName=PWMOUT_3 Pin=R13-6
Added Pin To Net: NetName=PWMOUT_2 Pin=R13-7
Added Pin To Net: NetName=PWMOUT_1 Pin=R13-8
Added Pin To Net: NetName=PWMOUT_6 Pin=R14-5
Added Pin To Net: NetName=PWMOUT_5 Pin=R14-6
Added Pin To Net: NetName=USART4_TX_I Pin=R14-7
Added Pin To Net: NetName=USART4_RX_I Pin=R14-8
Added Pin To Net: NetName=USART5_TX_I Pin=R15-5
Added Pin To Net: NetName=USART5_RX_I Pin=R15-6
Added Pin To Net: NetName=SWDIO_I Pin=R15-7
Added Pin To Net: NetName=SWCLK_I Pin=R15-8
Added Pin To Net: NetName=PPM_IN Pin=R16-5
Added Pin To Net: NetName=PWMIN_2 Pin=R16-6
Added Pin To Net: NetName=PWMIN_3 Pin=R16-7
Added Pin To Net: NetName=PWMIN_4 Pin=R16-8
Added Pin To Net: NetName=PWMIN_5 Pin=R17-5
Added Pin To Net: NetName=PWMIN_6 Pin=R17-6
Added Pin To Net: NetName=PWMIN_7 Pin=R17-7
Added Pin To Net: NetName=PWMIN_8 Pin=R17-8
